This is pdfTeX, Version 3.14159265-2.6-1.40.21 (MiKTeX 20.7) (preloaded format=pdflatex 2020.9.24)  13 FEB 2021 18:21
entering extended mode
**./tesis.tex
(tesis.tex
LaTeX2e <2020-02-02> patch level 5
L3 programming layer <2020-09-03> (udelar.cls
Document Class: udelar 2020/05/17\ v2.4.0\ Fing Dissertations and Thesis
(C:\Users\Usuario\AppData\Local\Programs\MiKTeX\tex/latex/base\book.cls
Document Class: book 2019/12/20 v1.4l Standard LaTeX document class
(C:\Users\Usuario\AppData\Local\Programs\MiKTeX\tex/latex/base\bk12.clo
File: bk12.clo 2019/12/20 v1.4l Standard LaTeX file (size option)
)
\c@part=\count168
\c@chapter=\count169
\c@section=\count170
\c@subsection=\count171
\c@subsubsection=\count172
\c@paragraph=\count173
\c@subparagraph=\count174
\c@figure=\count175
\c@table=\count176
\abovecaptionskip=\skip47
\belowcaptionskip=\skip48
\bibindent=\dimen134
)
(C:\Users\Usuario\AppData\Local\Programs\MiKTeX\tex/latex/graphics\color.sty
Package: color 2019/11/23 v1.2a Standard LaTeX Color (DPC)

(C:\Users\Usuario\AppData\Local\Programs\MiKTeX\tex/latex/graphics-cfg\color.cf
g
File: color.cfg 2016/01/02 v1.6 sample color configuration
)
Package color Info: Driver file: pdftex.def on input line 147.

(C:\Users\Usuario\AppData\Local\Programs\MiKTeX\tex/latex/graphics-def\pdftex.d
ef
File: pdftex.def 2020/08/26 v1.2 Graphics/color driver for pdftex
))
(C:\Users\Usuario\AppData\Local\Programs\MiKTeX\tex/latex/footmisc\footmisc.sty
Package: footmisc 2011/06/06 v5.5b a miscellany of footnote facilities
\FN@temptoken=\toks15
\footnotemargin=\dimen135
\c@pp@next@reset=\count177
\c@@fnserial=\count178
Package footmisc Info: Declaring symbol style bringhurst on input line 855.
Package footmisc Info: Declaring symbol style chicago on input line 863.
Package footmisc Info: Declaring symbol style wiley on input line 872.
Package footmisc Info: Declaring symbol style lamport-robust on input line 883.

Package footmisc Info: Declaring symbol style lamport* on input line 903.
Package footmisc Info: Declaring symbol style lamport*-robust on input line 924
.
)
(C:\Users\Usuario\AppData\Local\Programs\MiKTeX\tex/latex/hyphenat\hyphenat.sty
Package: hyphenat 2009/09/02 v2.3c hyphenation utilities
\langwohyphens=\language79
LaTeX Info: Redefining \_ on input line 43.
)
(C:\Users\Usuario\AppData\Local\Programs\MiKTeX\tex/latex/appendix\appendix.sty
Package: appendix 2020/02/08 v1.2c extra appendix facilities
\c@@pps=\count179
\c@@ppsavesec=\count180
\c@@ppsaveapp=\count181
)
(C:\Users\Usuario\AppData\Local\Programs\MiKTeX\tex/latex/lastpage\lastpage.sty
Package: lastpage 2015/03/29 v1.2m Refers to last page's name (HMM; JPG)
) (C:\Users\Usuario\AppData\Local\Programs\MiKTeX\tex/generic/babel\babel.sty
Package: babel 2020/09/01 3.48 The Babel package

(C:\Users\Usuario\AppData\Local\Programs\MiKTeX\tex/generic/babel\babel.def
File: babel.def 2020/09/01 3.48 Babel common definitions
\babel@savecnt=\count182
\U@D=\dimen136
\l@babelnohyphens=\language80

(C:\Users\Usuario\AppData\Local\Programs\MiKTeX\tex/generic/babel\txtbabel.def)
\bbl@readstream=\read2
)
\bbl@dirlevel=\count183

*************************************
* Local config file bblopts.cfg used
*
(C:\Users\Usuario\AppData\Local\Programs\MiKTeX\tex/latex/arabi\bblopts.cfg
File: bblopts.cfg 2005/09/08 v0.1 add Arabic and Farsi to "declared" options of
 babel
)
(C:\Users\Usuario\AppData\Local\Programs\MiKTeX\tex/latex/babel-english\english
.ldf
Language: english 2017/06/06 v3.3r English support from the babel system
Package babel Info: \l@canadian = using hyphenrules for english
(babel)             (\language0) on input line 102.
Package babel Info: \l@australian = using hyphenrules for ukenglish
(babel)             (\language73) on input line 105.
Package babel Info: \l@newzealand = using hyphenrules for ukenglish
(babel)             (\language73) on input line 108.
)
(C:\Users\Usuario\AppData\Local\Programs\MiKTeX\tex/latex/babel-spanish\spanish
.ldf
Language: spanish.ldf 2016/03/03 v5.0p Spanish support from the babel system
\es@quottoks=\toks16
\es@quotdepth=\count184
Package babel Info: Making " an active character on input line 561.
))
(C:\Users\Usuario\AppData\Local\Programs\MiKTeX\tex/latex/base\inputenc.sty
Package: inputenc 2018/08/11 v1.3c Input encoding file
\inpenc@prehook=\toks17
\inpenc@posthook=\toks18
)
(C:\Users\Usuario\AppData\Local\Programs\MiKTeX\tex/latex/amsmath\amsmath.sty
Package: amsmath 2020/01/20 v2.17e AMS math features
\@mathmargin=\skip49

For additional information on amsmath, use the `?' option.
(C:\Users\Usuario\AppData\Local\Programs\MiKTeX\tex/latex/amsmath\amstext.sty
Package: amstext 2000/06/29 v2.01 AMS text

(C:\Users\Usuario\AppData\Local\Programs\MiKTeX\tex/latex/amsmath\amsgen.sty
File: amsgen.sty 1999/11/30 v2.0 generic functions
\@emptytoks=\toks19
\ex@=\dimen137
))
(C:\Users\Usuario\AppData\Local\Programs\MiKTeX\tex/latex/amsmath\amsbsy.sty
Package: amsbsy 1999/11/29 v1.2d Bold Symbols
\pmbraise@=\dimen138
)
(C:\Users\Usuario\AppData\Local\Programs\MiKTeX\tex/latex/amsmath\amsopn.sty
Package: amsopn 2016/03/08 v2.02 operator names
)
\inf@bad=\count185
LaTeX Info: Redefining \frac on input line 227.
\uproot@=\count186
\leftroot@=\count187
LaTeX Info: Redefining \overline on input line 389.
\classnum@=\count188
\DOTSCASE@=\count189
LaTeX Info: Redefining \ldots on input line 486.
LaTeX Info: Redefining \dots on input line 489.
LaTeX Info: Redefining \cdots on input line 610.
\Mathstrutbox@=\box45
\strutbox@=\box46
\big@size=\dimen139
LaTeX Font Info:    Redeclaring font encoding OML on input line 733.
LaTeX Font Info:    Redeclaring font encoding OMS on input line 734.
\macc@depth=\count190
\c@MaxMatrixCols=\count191
\dotsspace@=\muskip16
\c@parentequation=\count192
\dspbrk@lvl=\count193
\tag@help=\toks20
\row@=\count194
\column@=\count195
\maxfields@=\count196
\andhelp@=\toks21
\eqnshift@=\dimen140
\alignsep@=\dimen141
\tagshift@=\dimen142
\tagwidth@=\dimen143
\totwidth@=\dimen144
\lineht@=\dimen145
\@envbody=\toks22
\multlinegap=\skip50
\multlinetaggap=\skip51
\mathdisplay@stack=\toks23
LaTeX Info: Redefining \[ on input line 2859.
LaTeX Info: Redefining \] on input line 2860.
)
(C:\Users\Usuario\AppData\Local\Programs\MiKTeX\tex/latex/amsfonts\amssymb.sty
Package: amssymb 2013/01/14 v3.01 AMS font symbols

(C:\Users\Usuario\AppData\Local\Programs\MiKTeX\tex/latex/amsfonts\amsfonts.sty
Package: amsfonts 2013/01/14 v3.01 Basic AMSFonts support
\symAMSa=\mathgroup4
\symAMSb=\mathgroup5
LaTeX Font Info:    Redeclaring math symbol \hbar on input line 98.
LaTeX Font Info:    Overwriting math alphabet `\mathfrak' in version `bold'
(Font)                  U/euf/m/n --> U/euf/b/n on input line 106.
)) (C:\Users\Usuario\AppData\Local\Programs\MiKTeX\tex/latex/base\ifthen.sty
Package: ifthen 2014/09/29 v1.1c Standard LaTeX ifthen package (DPC)
)
(C:\Users\Usuario\AppData\Local\Programs\MiKTeX\tex/latex/graphics\graphicx.sty
Package: graphicx 2019/11/30 v1.2a Enhanced LaTeX Graphics (DPC,SPQR)
(C:\Users\Usuario\AppData\Local\Programs\MiKTeX\tex/latex/graphics\keyval.sty
Package: keyval 2014/10/28 v1.15 key=value parser (DPC)
\KV@toks@=\toks24
)
(C:\Users\Usuario\AppData\Local\Programs\MiKTeX\tex/latex/graphics\graphics.sty
Package: graphics 2019/11/30 v1.4a Standard LaTeX Graphics (DPC,SPQR)
(C:\Users\Usuario\AppData\Local\Programs\MiKTeX\tex/latex/graphics\trig.sty
Package: trig 2016/01/03 v1.10 sin cos tan (DPC)
)
(C:\Users\Usuario\AppData\Local\Programs\MiKTeX\tex/latex/graphics-cfg\graphics
.cfg
File: graphics.cfg 2016/06/04 v1.11 sample graphics configuration
)
Package graphics Info: Driver file: pdftex.def on input line 105.
)
\Gin@req@height=\dimen146
\Gin@req@width=\dimen147
)
(C:\Users\Usuario\AppData\Local\Programs\MiKTeX\tex/latex/float\float.sty
Package: float 2001/11/08 v1.3d Float enhancements (AL)
\c@float@type=\count197
\float@exts=\toks25
\float@box=\box47
\@float@everytoks=\toks26
\@floatcapt=\box48
)
(C:\Users\Usuario\AppData\Local\Programs\MiKTeX\tex/latex/caption\caption.sty
Package: caption 2020/09/02 v3.5a Customizing captions (AR)

(C:\Users\Usuario\AppData\Local\Programs\MiKTeX\tex/latex/caption\caption3.sty
Package: caption3 2020/08/30 v2.0 caption3 kernel (AR)
\captionmargin=\dimen148
\captionmargin@=\dimen149
\captionwidth=\dimen150
\caption@tempdima=\dimen151
\caption@indent=\dimen152
\caption@parindent=\dimen153
\caption@hangindent=\dimen154
Package caption Info: Standard document class detected.
)
\c@caption@flags=\count198
\c@continuedfloat=\count199
Package caption Info: float package is loaded.
)
(C:\Users\Usuario\AppData\Local\Programs\MiKTeX\tex/latex/setspace\setspace.sty
Package: setspace 2011/12/19 v6.7a set line spacing
) (C:\Users\Usuario\AppData\Local\Programs\MiKTeX\tex/latex/tools\tabularx.sty
Package: tabularx 2020/01/15 v2.11c `tabularx' package (DPC)

(C:\Users\Usuario\AppData\Local\Programs\MiKTeX\tex/latex/tools\array.sty
Package: array 2019/08/31 v2.4l Tabular extension package (FMi)
\col@sep=\dimen155
\ar@mcellbox=\box49
\extrarowheight=\dimen156
\NC@list=\toks27
\extratabsurround=\skip52
\backup@length=\skip53
\ar@cellbox=\box50
)
\TX@col@width=\dimen157
\TX@old@table=\dimen158
\TX@old@col=\dimen159
\TX@target=\dimen160
\TX@delta=\dimen161
\TX@cols=\count266
\TX@ftn=\toks28
)
(C:\Users\Usuario\AppData\Local\Programs\MiKTeX\tex/latex/eqparbox\eqparbox.sty
Package: eqparbox 2017/09/03 v4.1 Create equal-widthed boxes
\eqp@tempdima=\skip54
\eqp@tempdimb=\skip55
\eqp@tabular@box=\box51
\eqp@list@box=\box52
\eqp@list@indent=\skip56
(C:\Users\Usuario\AppData\Local\Programs\MiKTeX\tex/latex/environ\environ.sty
Package: environ 2014/05/04 v0.3 A new way to define environments

(C:\Users\Usuario\AppData\Local\Programs\MiKTeX\tex/latex/trimspaces\trimspaces
.sty
Package: trimspaces 2009/09/17 v1.1 Trim spaces around a token list
)))
(C:\Users\Usuario\AppData\Local\Programs\MiKTeX\tex/generic/ltxcmds\ltxcmds.sty
Package: ltxcmds 2019/12/15 v1.24 LaTeX kernel commands for general use (HO)
)
(C:\Users\Usuario\AppData\Local\Programs\MiKTeX\tex/latex/titlesec\titletoc.sty
Package: titletoc 2019/10/16 v2.13 TOC entries
\ttl@leftsep=\dimen162
)
(C:\Users\Usuario\AppData\Local\Programs\MiKTeX\tex/latex/hyperref\hyperref.sty
Package: hyperref 2020-05-15 v7.00e Hypertext links for LaTeX
(C:\Users\Usuario\AppData\Local\Programs\MiKTeX\tex/generic/iftex\iftex.sty
Package: iftex 2020/03/06 v1.0d TeX engine tests
)
(C:\Users\Usuario\AppData\Local\Programs\MiKTeX\tex/generic/pdftexcmds\pdftexcm
ds.sty
Package: pdftexcmds 2020-06-27 v0.33 Utility functions of pdfTeX for LuaTeX (HO
)

(C:\Users\Usuario\AppData\Local\Programs\MiKTeX\tex/generic/infwarerr\infwarerr
.sty
Package: infwarerr 2019/12/03 v1.5 Providing info/warning/error messages (HO)
)
Package pdftexcmds Info: \pdf@primitive is available.
Package pdftexcmds Info: \pdf@ifprimitive is available.
Package pdftexcmds Info: \pdfdraftmode found.
)
(C:\Users\Usuario\AppData\Local\Programs\MiKTeX\tex/generic/kvsetkeys\kvsetkeys
.sty
Package: kvsetkeys 2019/12/15 v1.18 Key value parser (HO)
)
(C:\Users\Usuario\AppData\Local\Programs\MiKTeX\tex/generic/kvdefinekeys\kvdefi
nekeys.sty
Package: kvdefinekeys 2019-12-19 v1.6 Define keys (HO)
)
(C:\Users\Usuario\AppData\Local\Programs\MiKTeX\tex/generic/pdfescape\pdfescape
.sty
Package: pdfescape 2019/12/09 v1.15 Implements pdfTeX's escape features (HO)
)
(C:\Users\Usuario\AppData\Local\Programs\MiKTeX\tex/latex/hycolor\hycolor.sty
Package: hycolor 2020-01-27 v1.10 Color options for hyperref/bookmark (HO)
)
(C:\Users\Usuario\AppData\Local\Programs\MiKTeX\tex/latex/letltxmacro\letltxmac
ro.sty
Package: letltxmacro 2019/12/03 v1.6 Let assignment for LaTeX macros (HO)
)
(C:\Users\Usuario\AppData\Local\Programs\MiKTeX\tex/latex/auxhook\auxhook.sty
Package: auxhook 2019-12-17 v1.6 Hooks for auxiliary files (HO)
)
(C:\Users\Usuario\AppData\Local\Programs\MiKTeX\tex/latex/kvoptions\kvoptions.s
ty
Package: kvoptions 2019/11/29 v3.13 Key value format for package options (HO)
)
\@linkdim=\dimen163
\Hy@linkcounter=\count267
\Hy@pagecounter=\count268

(C:\Users\Usuario\AppData\Local\Programs\MiKTeX\tex/latex/hyperref\pd1enc.def
File: pd1enc.def 2020-05-15 v7.00e Hyperref: PDFDocEncoding definition (HO)
Now handling font encoding PD1 ...
... no UTF-8 mapping file for font encoding PD1
)
(C:\Users\Usuario\AppData\Local\Programs\MiKTeX\tex/generic/intcalc\intcalc.sty
Package: intcalc 2019/12/15 v1.3 Expandable calculations with integers (HO)
)
(C:\Users\Usuario\AppData\Local\Programs\MiKTeX\tex/generic/etexcmds\etexcmds.s
ty
Package: etexcmds 2019/12/15 v1.7 Avoid name clashes with e-TeX commands (HO)
)
\Hy@SavedSpaceFactor=\count269
Package hyperref Info: Option `colorlinks' set `true' on input line 4338.
Package hyperref Info: Option `linktocpage' set `true' on input line 4338.
Package hyperref Info: Option `hyperfootnotes' set `true' on input line 4338.
Package hyperref Info: Hyper figures OFF on input line 4464.
Package hyperref Info: Link nesting OFF on input line 4469.
Package hyperref Info: Hyper index ON on input line 4472.
Package hyperref Info: Plain pages OFF on input line 4479.
Package hyperref Info: Backreferencing OFF on input line 4484.
Package hyperref Info: Implicit mode ON; LaTeX internals redefined.
Package hyperref Info: Bookmarks ON on input line 4717.
\c@Hy@tempcnt=\count270
 (C:\Users\Usuario\AppData\Local\Programs\MiKTeX\tex/latex/url\url.sty
\Urlmuskip=\muskip17
Package: url 2013/09/16  ver 3.4  Verb mode for urls, etc.
)
LaTeX Info: Redefining \url on input line 5076.
\XeTeXLinkMargin=\dimen164

(C:\Users\Usuario\AppData\Local\Programs\MiKTeX\tex/generic/bitset\bitset.sty
Package: bitset 2019/12/09 v1.3 Handle bit-vector datatype (HO)

(C:\Users\Usuario\AppData\Local\Programs\MiKTeX\tex/generic/bigintcalc\bigintca
lc.sty
Package: bigintcalc 2019/12/15 v1.5 Expandable calculations on big integers (HO
)
))
\Fld@menulength=\count271
\Field@Width=\dimen165
\Fld@charsize=\dimen166
Package hyperref Info: Hyper figures OFF on input line 6347.
Package hyperref Info: Link nesting OFF on input line 6352.
Package hyperref Info: Hyper index ON on input line 6355.
Package hyperref Info: backreferencing OFF on input line 6362.
Package hyperref Info: Link coloring ON on input line 6365.
Package hyperref Info: Link coloring with OCG OFF on input line 6372.
Package hyperref Info: PDF/A mode OFF on input line 6377.
LaTeX Info: Redefining \ref on input line 6417.
LaTeX Info: Redefining \pageref on input line 6421.

(C:\Users\Usuario\AppData\Local\Programs\MiKTeX\tex/generic/atbegshi\atbegshi.s
ty
Package: atbegshi 2019/12/05 v1.19 At begin shipout hook (HO)
)
\Hy@abspage=\count272
\c@Item=\count273
\c@Hfootnote=\count274
)
Package hyperref Info: Driver (autodetected): hpdftex.

(C:\Users\Usuario\AppData\Local\Programs\MiKTeX\tex/latex/hyperref\hpdftex.def
File: hpdftex.def 2020-05-15 v7.00e Hyperref driver for pdfTeX

(C:\Users\Usuario\AppData\Local\Programs\MiKTeX\tex/latex/atveryend\atveryend.s
ty
Package: atveryend 2019-12-11 v1.11 Hooks at the very end of document (HO)
Package atveryend Info: \enddocument detected (standard20110627).
)
\Fld@listcount=\count275
\c@bookmark@seq@number=\count276

(C:\Users\Usuario\AppData\Local\Programs\MiKTeX\tex/latex/rerunfilecheck\rerunf
ilecheck.sty
Package: rerunfilecheck 2019/12/05 v1.9 Rerun checks for auxiliary files (HO)

(C:\Users\Usuario\AppData\Local\Programs\MiKTeX\tex/generic/uniquecounter\uniqu
ecounter.sty
Package: uniquecounter 2019/12/15 v1.4 Provide unlimited unique counter (HO)
)
Package uniquecounter Info: New unique counter `rerunfilecheck' on input line 2
86.
)
\Hy@SectionHShift=\skip57
)
(C:\Users\Usuario\AppData\Local\Programs\MiKTeX\tex/latex/geometry\geometry.sty
Package: geometry 2020/01/02 v5.9 Page Geometry
(C:\Users\Usuario\AppData\Local\Programs\MiKTeX\tex/generic/iftex\ifvtex.sty
Package: ifvtex 2019/10/25 v1.7 ifvtex legacy package. Use iftex instead.
)
\Gm@cnth=\count277
\Gm@cntv=\count278
\c@Gm@tempcnt=\count279
\Gm@bindingoffset=\dimen167
\Gm@wd@mp=\dimen168
\Gm@odd@mp=\dimen169
\Gm@even@mp=\dimen170
\Gm@layoutwidth=\dimen171
\Gm@layoutheight=\dimen172
\Gm@layouthoffset=\dimen173
\Gm@layoutvoffset=\dimen174
\Gm@dimlist=\toks29

(C:\Users\Usuario\AppData\Local\Programs\MiKTeX\tex/latex/geometry\geometry.cfg
)) (C:\Users\Usuario\AppData\Local\Programs\MiKTeX\tex/latex/lineno\lineno.sty
Package: lineno 2005/11/02 line numbers on paragraphs v4.41
\linenopenalty=\count280
\output=\toks30
\linenoprevgraf=\count281
\linenumbersep=\dimen175
\linenumberwidth=\dimen176
\c@linenumber=\count282
\c@pagewiselinenumber=\count283
\c@LN@truepage=\count284
\c@internallinenumber=\count285
\c@internallinenumbers=\count286
\quotelinenumbersep=\dimen177
\bframerule=\dimen178
\bframesep=\dimen179
\bframebox=\box53
LaTeX Info: Redefining \\ on input line 3056.
) (C:\Users\Usuario\AppData\Local\Programs\MiKTeX\tex/latex/xcolor\xcolor.sty
Package: xcolor 2016/05/11 v2.12 LaTeX color extensions (UK)

(C:\Users\Usuario\AppData\Local\Programs\MiKTeX\tex/latex/graphics-cfg\color.cf
g
File: color.cfg 2016/01/02 v1.6 sample color configuration
)
Package xcolor Info: Driver file: pdftex.def on input line 225.
LaTeX Info: Redefining \color on input line 709.
Package xcolor Info: Model `cmy' substituted by `cmy0' on input line 1348.
Package xcolor Info: Model `hsb' substituted by `rgb' on input line 1352.
Package xcolor Info: Model `RGB' extended on input line 1364.
Package xcolor Info: Model `HTML' substituted by `rgb' on input line 1366.
Package xcolor Info: Model `Hsb' substituted by `hsb' on input line 1367.
Package xcolor Info: Model `tHsb' substituted by `hsb' on input line 1368.
Package xcolor Info: Model `HSB' substituted by `hsb' on input line 1369.
Package xcolor Info: Model `Gray' substituted by `gray' on input line 1370.
Package xcolor Info: Model `wave' substituted by `hsb' on input line 1371.
)
(C:\Users\Usuario\AppData\Local\Programs\MiKTeX\tex/latex/tocbibind\tocbibind.s
ty
Package: tocbibind 2010/10/13 v1.5k extra ToC listings
Package tocbibind Info: The document has chapter divisions on input line 50.


Package tocbibind Note: Using chapter style headings, unless overridden.

)
(C:\Users\Usuario\AppData\Local\Programs\MiKTeX\tex/latex/todonotes\todonotes.s
ty
Package: todonotes 2020/08/18 v1.1.3 Todonotes source and documentation.
Package: todonotes 2018/11/22

(C:\Users\Usuario\AppData\Local\Programs\MiKTeX\tex/latex/xkeyval\xkeyval.sty
Package: xkeyval 2014/12/03 v2.7a package option processing (HA)

(C:\Users\Usuario\AppData\Local\Programs\MiKTeX\tex/generic/xkeyval\xkeyval.tex

(C:\Users\Usuario\AppData\Local\Programs\MiKTeX\tex/generic/xkeyval\xkvutils.te
x
\XKV@toks=\toks31
\XKV@tempa@toks=\toks32
)
\XKV@depth=\count287
File: xkeyval.tex 2014/12/03 v2.7a key=value parser (HA)
))
(C:\Users\Usuario\AppData\Local\Programs\MiKTeX\tex/latex/pgf/frontendlayer\tik
z.sty
(C:\Users\Usuario\AppData\Local\Programs\MiKTeX\tex/latex/pgf/basiclayer\pgf.st
y
(C:\Users\Usuario\AppData\Local\Programs\MiKTeX\tex/latex/pgf/utilities\pgfrcs.
sty
(C:\Users\Usuario\AppData\Local\Programs\MiKTeX\tex/generic/pgf/utilities\pgfut
il-common.tex
\pgfutil@everybye=\toks33
\pgfutil@tempdima=\dimen180
\pgfutil@tempdimb=\dimen181

(C:\Users\Usuario\AppData\Local\Programs\MiKTeX\tex/generic/pgf/utilities\pgfut
il-common-lists.tex))
(C:\Users\Usuario\AppData\Local\Programs\MiKTeX\tex/generic/pgf/utilities\pgfut
il-latex.def
\pgfutil@abb=\box54

(C:\Users\Usuario\AppData\Local\Programs\MiKTeX\tex/latex/ms\everyshi.sty
Package: everyshi 2001/05/15 v3.00 EveryShipout Package (MS)
))
(C:\Users\Usuario\AppData\Local\Programs\MiKTeX\tex/generic/pgf/utilities\pgfrc
s.code.tex
(C:\Users\Usuario\AppData\Local\Programs\MiKTeX\tex/generic/pgf\pgf.revision.te
x)
Package: pgfrcs 2020/01/08 v3.1.5b (3.1.5b)
))
Package: pgf 2020/01/08 v3.1.5b (3.1.5b)

(C:\Users\Usuario\AppData\Local\Programs\MiKTeX\tex/latex/pgf/basiclayer\pgfcor
e.sty
(C:\Users\Usuario\AppData\Local\Programs\MiKTeX\tex/latex/pgf/systemlayer\pgfsy
s.sty
(C:\Users\Usuario\AppData\Local\Programs\MiKTeX\tex/generic/pgf/systemlayer\pgf
sys.code.tex
Package: pgfsys 2020/01/08 v3.1.5b (3.1.5b)

(C:\Users\Usuario\AppData\Local\Programs\MiKTeX\tex/generic/pgf/utilities\pgfke
ys.code.tex
\pgfkeys@pathtoks=\toks34
\pgfkeys@temptoks=\toks35

(C:\Users\Usuario\AppData\Local\Programs\MiKTeX\tex/generic/pgf/utilities\pgfke
ysfiltered.code.tex
\pgfkeys@tmptoks=\toks36
))
\pgf@x=\dimen182
\pgf@y=\dimen183
\pgf@xa=\dimen184
\pgf@ya=\dimen185
\pgf@xb=\dimen186
\pgf@yb=\dimen187
\pgf@xc=\dimen188
\pgf@yc=\dimen189
\pgf@xd=\dimen190
\pgf@yd=\dimen191
\w@pgf@writea=\write3
\r@pgf@reada=\read3
\c@pgf@counta=\count288
\c@pgf@countb=\count289
\c@pgf@countc=\count290
\c@pgf@countd=\count291
\t@pgf@toka=\toks37
\t@pgf@tokb=\toks38
\t@pgf@tokc=\toks39
\pgf@sys@id@count=\count292

(C:\Users\Usuario\AppData\Local\Programs\MiKTeX\tex/generic/pgf/systemlayer\pgf
.cfg
File: pgf.cfg 2020/01/08 v3.1.5b (3.1.5b)
)
Driver file for pgf: pgfsys-pdftex.def

(C:\Users\Usuario\AppData\Local\Programs\MiKTeX\tex/generic/pgf/systemlayer\pgf
sys-pdftex.def
File: pgfsys-pdftex.def 2020/01/08 v3.1.5b (3.1.5b)

(C:\Users\Usuario\AppData\Local\Programs\MiKTeX\tex/generic/pgf/systemlayer\pgf
sys-common-pdf.def
File: pgfsys-common-pdf.def 2020/01/08 v3.1.5b (3.1.5b)
)))
(C:\Users\Usuario\AppData\Local\Programs\MiKTeX\tex/generic/pgf/systemlayer\pgf
syssoftpath.code.tex
File: pgfsyssoftpath.code.tex 2020/01/08 v3.1.5b (3.1.5b)
\pgfsyssoftpath@smallbuffer@items=\count293
\pgfsyssoftpath@bigbuffer@items=\count294
)
(C:\Users\Usuario\AppData\Local\Programs\MiKTeX\tex/generic/pgf/systemlayer\pgf
sysprotocol.code.tex
File: pgfsysprotocol.code.tex 2020/01/08 v3.1.5b (3.1.5b)
))
(C:\Users\Usuario\AppData\Local\Programs\MiKTeX\tex/generic/pgf/basiclayer\pgfc
ore.code.tex
Package: pgfcore 2020/01/08 v3.1.5b (3.1.5b)

(C:\Users\Usuario\AppData\Local\Programs\MiKTeX\tex/generic/pgf/math\pgfmath.co
de.tex
(C:\Users\Usuario\AppData\Local\Programs\MiKTeX\tex/generic/pgf/math\pgfmathcal
c.code.tex
(C:\Users\Usuario\AppData\Local\Programs\MiKTeX\tex/generic/pgf/math\pgfmathuti
l.code.tex)
(C:\Users\Usuario\AppData\Local\Programs\MiKTeX\tex/generic/pgf/math\pgfmathpar
ser.code.tex
\pgfmath@dimen=\dimen192
\pgfmath@count=\count295
\pgfmath@box=\box55
\pgfmath@toks=\toks40
\pgfmath@stack@operand=\toks41
\pgfmath@stack@operation=\toks42
)
(C:\Users\Usuario\AppData\Local\Programs\MiKTeX\tex/generic/pgf/math\pgfmathfun
ctions.code.tex
(C:\Users\Usuario\AppData\Local\Programs\MiKTeX\tex/generic/pgf/math\pgfmathfun
ctions.basic.code.tex)
(C:\Users\Usuario\AppData\Local\Programs\MiKTeX\tex/generic/pgf/math\pgfmathfun
ctions.trigonometric.code.tex)
(C:\Users\Usuario\AppData\Local\Programs\MiKTeX\tex/generic/pgf/math\pgfmathfun
ctions.random.code.tex)
(C:\Users\Usuario\AppData\Local\Programs\MiKTeX\tex/generic/pgf/math\pgfmathfun
ctions.comparison.code.tex)
(C:\Users\Usuario\AppData\Local\Programs\MiKTeX\tex/generic/pgf/math\pgfmathfun
ctions.base.code.tex)
(C:\Users\Usuario\AppData\Local\Programs\MiKTeX\tex/generic/pgf/math\pgfmathfun
ctions.round.code.tex)
(C:\Users\Usuario\AppData\Local\Programs\MiKTeX\tex/generic/pgf/math\pgfmathfun
ctions.misc.code.tex)
(C:\Users\Usuario\AppData\Local\Programs\MiKTeX\tex/generic/pgf/math\pgfmathfun
ctions.integerarithmetics.code.tex)))
(C:\Users\Usuario\AppData\Local\Programs\MiKTeX\tex/generic/pgf/math\pgfmathflo
at.code.tex
\c@pgfmathroundto@lastzeros=\count296
))
(C:\Users\Usuario\AppData\Local\Programs\MiKTeX\tex/generic/pgf/math\pgfint.cod
e.tex)
(C:\Users\Usuario\AppData\Local\Programs\MiKTeX\tex/generic/pgf/basiclayer\pgfc
orepoints.code.tex
File: pgfcorepoints.code.tex 2020/01/08 v3.1.5b (3.1.5b)
\pgf@picminx=\dimen193
\pgf@picmaxx=\dimen194
\pgf@picminy=\dimen195
\pgf@picmaxy=\dimen196
\pgf@pathminx=\dimen197
\pgf@pathmaxx=\dimen198
\pgf@pathminy=\dimen199
\pgf@pathmaxy=\dimen256
\pgf@xx=\dimen257
\pgf@xy=\dimen258
\pgf@yx=\dimen259
\pgf@yy=\dimen260
\pgf@zx=\dimen261
\pgf@zy=\dimen262
)
(C:\Users\Usuario\AppData\Local\Programs\MiKTeX\tex/generic/pgf/basiclayer\pgfc
orepathconstruct.code.tex
File: pgfcorepathconstruct.code.tex 2020/01/08 v3.1.5b (3.1.5b)
\pgf@path@lastx=\dimen263
\pgf@path@lasty=\dimen264
)
(C:\Users\Usuario\AppData\Local\Programs\MiKTeX\tex/generic/pgf/basiclayer\pgfc
orepathusage.code.tex
File: pgfcorepathusage.code.tex 2020/01/08 v3.1.5b (3.1.5b)
\pgf@shorten@end@additional=\dimen265
\pgf@shorten@start@additional=\dimen266
)
(C:\Users\Usuario\AppData\Local\Programs\MiKTeX\tex/generic/pgf/basiclayer\pgfc
orescopes.code.tex
File: pgfcorescopes.code.tex 2020/01/08 v3.1.5b (3.1.5b)
\pgfpic=\box56
\pgf@hbox=\box57
\pgf@layerbox@main=\box58
\pgf@picture@serial@count=\count297
)
(C:\Users\Usuario\AppData\Local\Programs\MiKTeX\tex/generic/pgf/basiclayer\pgfc
oregraphicstate.code.tex
File: pgfcoregraphicstate.code.tex 2020/01/08 v3.1.5b (3.1.5b)
\pgflinewidth=\dimen267
)
(C:\Users\Usuario\AppData\Local\Programs\MiKTeX\tex/generic/pgf/basiclayer\pgfc
oretransformations.code.tex
File: pgfcoretransformations.code.tex 2020/01/08 v3.1.5b (3.1.5b)
\pgf@pt@x=\dimen268
\pgf@pt@y=\dimen269
\pgf@pt@temp=\dimen270
)
(C:\Users\Usuario\AppData\Local\Programs\MiKTeX\tex/generic/pgf/basiclayer\pgfc
orequick.code.tex
File: pgfcorequick.code.tex 2020/01/08 v3.1.5b (3.1.5b)
)
(C:\Users\Usuario\AppData\Local\Programs\MiKTeX\tex/generic/pgf/basiclayer\pgfc
oreobjects.code.tex
File: pgfcoreobjects.code.tex 2020/01/08 v3.1.5b (3.1.5b)
)
(C:\Users\Usuario\AppData\Local\Programs\MiKTeX\tex/generic/pgf/basiclayer\pgfc
orepathprocessing.code.tex
File: pgfcorepathprocessing.code.tex 2020/01/08 v3.1.5b (3.1.5b)
)
(C:\Users\Usuario\AppData\Local\Programs\MiKTeX\tex/generic/pgf/basiclayer\pgfc
orearrows.code.tex
File: pgfcorearrows.code.tex 2020/01/08 v3.1.5b (3.1.5b)
\pgfarrowsep=\dimen271
)
(C:\Users\Usuario\AppData\Local\Programs\MiKTeX\tex/generic/pgf/basiclayer\pgfc
oreshade.code.tex
File: pgfcoreshade.code.tex 2020/01/08 v3.1.5b (3.1.5b)
\pgf@max=\dimen272
\pgf@sys@shading@range@num=\count298
\pgf@shadingcount=\count299
)
(C:\Users\Usuario\AppData\Local\Programs\MiKTeX\tex/generic/pgf/basiclayer\pgfc
oreimage.code.tex
File: pgfcoreimage.code.tex 2020/01/08 v3.1.5b (3.1.5b)

(C:\Users\Usuario\AppData\Local\Programs\MiKTeX\tex/generic/pgf/basiclayer\pgfc
oreexternal.code.tex
File: pgfcoreexternal.code.tex 2020/01/08 v3.1.5b (3.1.5b)
\pgfexternal@startupbox=\box59
))
(C:\Users\Usuario\AppData\Local\Programs\MiKTeX\tex/generic/pgf/basiclayer\pgfc
orelayers.code.tex
File: pgfcorelayers.code.tex 2020/01/08 v3.1.5b (3.1.5b)
)
(C:\Users\Usuario\AppData\Local\Programs\MiKTeX\tex/generic/pgf/basiclayer\pgfc
oretransparency.code.tex
File: pgfcoretransparency.code.tex 2020/01/08 v3.1.5b (3.1.5b)
)
(C:\Users\Usuario\AppData\Local\Programs\MiKTeX\tex/generic/pgf/basiclayer\pgfc
orepatterns.code.tex
File: pgfcorepatterns.code.tex 2020/01/08 v3.1.5b (3.1.5b)
)
(C:\Users\Usuario\AppData\Local\Programs\MiKTeX\tex/generic/pgf/basiclayer\pgfc
orerdf.code.tex
File: pgfcorerdf.code.tex 2020/01/08 v3.1.5b (3.1.5b)
)))
(C:\Users\Usuario\AppData\Local\Programs\MiKTeX\tex/generic/pgf/modules\pgfmodu
leshapes.code.tex
File: pgfmoduleshapes.code.tex 2020/01/08 v3.1.5b (3.1.5b)
\pgfnodeparttextbox=\box60
)
(C:\Users\Usuario\AppData\Local\Programs\MiKTeX\tex/generic/pgf/modules\pgfmodu
leplot.code.tex
File: pgfmoduleplot.code.tex 2020/01/08 v3.1.5b (3.1.5b)
)
(C:\Users\Usuario\AppData\Local\Programs\MiKTeX\tex/latex/pgf/compatibility\pgf
comp-version-0-65.sty
Package: pgfcomp-version-0-65 2020/01/08 v3.1.5b (3.1.5b)
\pgf@nodesepstart=\dimen273
\pgf@nodesepend=\dimen274
)
(C:\Users\Usuario\AppData\Local\Programs\MiKTeX\tex/latex/pgf/compatibility\pgf
comp-version-1-18.sty
Package: pgfcomp-version-1-18 2020/01/08 v3.1.5b (3.1.5b)
))
(C:\Users\Usuario\AppData\Local\Programs\MiKTeX\tex/latex/pgf/utilities\pgffor.
sty
(C:\Users\Usuario\AppData\Local\Programs\MiKTeX\tex/latex/pgf/utilities\pgfkeys
.sty
(C:\Users\Usuario\AppData\Local\Programs\MiKTeX\tex/generic/pgf/utilities\pgfke
ys.code.tex))
(C:\Users\Usuario\AppData\Local\Programs\MiKTeX\tex/latex/pgf/math\pgfmath.sty
(C:\Users\Usuario\AppData\Local\Programs\MiKTeX\tex/generic/pgf/math\pgfmath.co
de.tex))
(C:\Users\Usuario\AppData\Local\Programs\MiKTeX\tex/generic/pgf/utilities\pgffo
r.code.tex
Package: pgffor 2020/01/08 v3.1.5b (3.1.5b)

(C:\Users\Usuario\AppData\Local\Programs\MiKTeX\tex/generic/pgf/math\pgfmath.co
de.tex)
\pgffor@iter=\dimen275
\pgffor@skip=\dimen276
\pgffor@stack=\toks43
\pgffor@toks=\toks44
))
(C:\Users\Usuario\AppData\Local\Programs\MiKTeX\tex/generic/pgf/frontendlayer/t
ikz\tikz.code.tex
Package: tikz 2020/01/08 v3.1.5b (3.1.5b)

(C:\Users\Usuario\AppData\Local\Programs\MiKTeX\tex/generic/pgf/libraries\pgfli
braryplothandlers.code.tex
File: pgflibraryplothandlers.code.tex 2020/01/08 v3.1.5b (3.1.5b)
\pgf@plot@mark@count=\count300
\pgfplotmarksize=\dimen277
)
\tikz@lastx=\dimen278
\tikz@lasty=\dimen279
\tikz@lastxsaved=\dimen280
\tikz@lastysaved=\dimen281
\tikz@lastmovetox=\dimen282
\tikz@lastmovetoy=\dimen283
\tikzleveldistance=\dimen284
\tikzsiblingdistance=\dimen285
\tikz@figbox=\box61
\tikz@figbox@bg=\box62
\tikz@tempbox=\box63
\tikz@tempbox@bg=\box64
\tikztreelevel=\count301
\tikznumberofchildren=\count302
\tikznumberofcurrentchild=\count303
\tikz@fig@count=\count304

(C:\Users\Usuario\AppData\Local\Programs\MiKTeX\tex/generic/pgf/modules\pgfmodu
lematrix.code.tex
File: pgfmodulematrix.code.tex 2020/01/08 v3.1.5b (3.1.5b)
\pgfmatrixcurrentrow=\count305
\pgfmatrixcurrentcolumn=\count306
\pgf@matrix@numberofcolumns=\count307
)
\tikz@expandcount=\count308

(C:\Users\Usuario\AppData\Local\Programs\MiKTeX\tex/generic/pgf/frontendlayer/t
ikz/libraries\tikzlibrarytopaths.code.tex
File: tikzlibrarytopaths.code.tex 2020/01/08 v3.1.5b (3.1.5b)
)))
(C:\Users\Usuario\AppData\Local\Programs\MiKTeX\tex/generic/pgf/frontendlayer/t
ikz/libraries\tikzlibrarypositioning.code.tex
File: tikzlibrarypositioning.code.tex 2020/01/08 v3.1.5b (3.1.5b)
)
(C:\Users\Usuario\AppData\Local\Programs\MiKTeX\tex/generic/pgf/frontendlayer/t
ikz/libraries\tikzlibraryshadows.code.tex
File: tikzlibraryshadows.code.tex 2020/01/08 v3.1.5b (3.1.5b)

(C:\Users\Usuario\AppData\Local\Programs\MiKTeX\tex/generic/pgf/frontendlayer/t
ikz/libraries\tikzlibraryfadings.code.tex
File: tikzlibraryfadings.code.tex 2020/01/08 v3.1.5b (3.1.5b)

(C:\Users\Usuario\AppData\Local\Programs\MiKTeX\tex/generic/pgf/libraries\pgfli
braryfadings.code.tex
File: pgflibraryfadings.code.tex 2020/01/08 v3.1.5b (3.1.5b)
)))
(C:\Users\Usuario\AppData\Local\Programs\MiKTeX\tex/latex/tools\calc.sty
Package: calc 2017/05/25 v4.3 Infix arithmetic (KKT,FJ)
\calc@Acount=\count309
\calc@Bcount=\count310
\calc@Adimen=\dimen286
\calc@Bdimen=\dimen287
\calc@Askip=\skip58
\calc@Bskip=\skip59
LaTeX Info: Redefining \setlength on input line 80.
LaTeX Info: Redefining \addtolength on input line 81.
\calc@Ccount=\count311
\calc@Cskip=\skip60
)
\c@@todonotes@numberoftodonotes=\count312
)
\@subtitle=\count313
\@institutelogo=\count314
\@director=\count315
\@codirector=\count316
\@directoracademico=\count317
\@examiner=\count318
\@institute=\count319
\c@institute=\count320
\@seconduniversity=\count321
\c@seconduniversity=\count322
\@thirduniversity=\count323
\c@thirduniversity=\count324
\c@keywords=\count325
\c@foreignkeywords=\count326
\bibindent=\dimen288
\@apenarabicnumbering=\count327
\@anexarabicnumbering=\count328
)
Package hyperref Info: Option `colorlinks' set `true' on input line 19.

(C:\Users\Usuario\AppData\Local\Programs\MiKTeX\tex/latex/biblatex\biblatex.sty
Package: biblatex 2020/08/23 v3.15a programmable bibliographies (PK/MW)

(C:\Users\Usuario\AppData\Local\Programs\MiKTeX\tex/latex/etoolbox\etoolbox.sty
Package: etoolbox 2020/08/24 v2.5j e-TeX tools for LaTeX (JAW)
\etb@tempcnta=\count329
) (C:\Users\Usuario\AppData\Local\Programs\MiKTeX\tex/latex/logreq\logreq.sty
Package: logreq 2010/08/04 v1.0 xml request logger
\lrq@indent=\count330

(C:\Users\Usuario\AppData\Local\Programs\MiKTeX\tex/latex/logreq\logreq.def
File: logreq.def 2010/08/04 v1.0 logreq spec v1.0
))
\c@tabx@nest=\count331
\c@listtotal=\count332
\c@listcount=\count333
\c@liststart=\count334
\c@liststop=\count335
\c@citecount=\count336
\c@citetotal=\count337
\c@multicitecount=\count338
\c@multicitetotal=\count339
\c@instcount=\count340
\c@maxnames=\count341
\c@minnames=\count342
\c@maxitems=\count343
\c@minitems=\count344
\c@citecounter=\count345
\c@maxcitecounter=\count346
\c@savedcitecounter=\count347
\c@uniquelist=\count348
\c@uniquename=\count349
\c@refsection=\count350
\c@refsegment=\count351
\c@maxextratitle=\count352
\c@maxextratitleyear=\count353
\c@maxextraname=\count354
\c@maxextradate=\count355
\c@maxextraalpha=\count356
\c@abbrvpenalty=\count357
\c@highnamepenalty=\count358
\c@lownamepenalty=\count359
\c@maxparens=\count360
\c@parenlevel=\count361
\blx@tempcnta=\count362
\blx@tempcntb=\count363
\blx@tempcntc=\count364
\blx@maxsection=\count365
\blx@maxsegment@0=\count366
\blx@notetype=\count367
\blx@parenlevel@text=\count368
\blx@parenlevel@foot=\count369
\blx@sectionciteorder@0=\count370
\blx@entrysetcounter=\count371
\blx@biblioinstance=\count372
\labelnumberwidth=\skip61
\labelalphawidth=\skip62
\biblabelsep=\skip63
\bibitemsep=\skip64
\bibnamesep=\skip65
\bibinitsep=\skip66
\bibparsep=\skip67
\bibhang=\skip68
\blx@bcfin=\read4
\blx@bcfout=\write4
\blx@langwohyphens=\language81
\c@mincomprange=\count373
\c@maxcomprange=\count374
\c@mincompwidth=\count375
Package biblatex Info: Trying to load biblatex default data model...
Package biblatex Info: ... file 'blx-dm.def' found.

(C:\Users\Usuario\AppData\Local\Programs\MiKTeX\tex/latex/biblatex\blx-dm.def
File: blx-dm.def 2020/08/23 v3.15a biblatex localization (PK/MW)
)
Package biblatex Info: Trying to load biblatex style data model...
Package biblatex Info: ... file 'apa.dbx' found.

(C:\Users\Usuario\AppData\Local\Programs\MiKTeX\tex/latex/biblatex-apa\apa.dbx
File: apa.dbx 2020/08/28 v9.14 APA biblatex style data model
)
Package biblatex Info: Trying to load biblatex custom data model...
Package biblatex Info: ... file 'biblatex-dm.cfg' not found.
\c@afterword=\count376
\c@savedafterword=\count377
\c@annotator=\count378
\c@savedannotator=\count379
\c@author=\count380
\c@savedauthor=\count381
\c@bookauthor=\count382
\c@savedbookauthor=\count383
\c@commentator=\count384
\c@savedcommentator=\count385
\c@editor=\count386
\c@savededitor=\count387
\c@editora=\count388
\c@savededitora=\count389
\c@editorb=\count390
\c@savededitorb=\count391
\c@editorc=\count392
\c@savededitorc=\count393
\c@foreword=\count394
\c@savedforeword=\count395
\c@holder=\count396
\c@savedholder=\count397
\c@introduction=\count398
\c@savedintroduction=\count399
\c@namea=\count400
\c@savednamea=\count401
\c@nameb=\count402
\c@savednameb=\count403
\c@namec=\count404
\c@savednamec=\count405
\c@translator=\count406
\c@savedtranslator=\count407
\c@shortauthor=\count408
\c@savedshortauthor=\count409
\c@shorteditor=\count410
\c@savedshorteditor=\count411
\c@groupauthor=\count412
\c@savedgroupauthor=\count413
\c@narrator=\count414
\c@savednarrator=\count415
\c@execproducer=\count416
\c@savedexecproducer=\count417
\c@execdirector=\count418
\c@savedexecdirector=\count419
\c@with=\count420
\c@savedwith=\count421
\c@labelname=\count422
\c@savedlabelname=\count423
\c@institution=\count424
\c@savedinstitution=\count425
\c@lista=\count426
\c@savedlista=\count427
\c@listb=\count428
\c@savedlistb=\count429
\c@listc=\count430
\c@savedlistc=\count431
\c@listd=\count432
\c@savedlistd=\count433
\c@liste=\count434
\c@savedliste=\count435
\c@listf=\count436
\c@savedlistf=\count437
\c@location=\count438
\c@savedlocation=\count439
\c@organization=\count440
\c@savedorganization=\count441
\c@origlocation=\count442
\c@savedoriglocation=\count443
\c@origpublisher=\count444
\c@savedorigpublisher=\count445
\c@publisher=\count446
\c@savedpublisher=\count447
\c@language=\count448
\c@savedlanguage=\count449
\c@origlanguage=\count450
\c@savedoriglanguage=\count451
\c@citation=\count452
\c@savedcitation=\count453
\c@pageref=\count454
\c@savedpageref=\count455
\shorthandwidth=\skip69
\shortjournalwidth=\skip70
\shortserieswidth=\skip71
\shorttitlewidth=\skip72
\shortauthorwidth=\skip73
\shorteditorwidth=\skip74
\locallabelnumberwidth=\skip75
\locallabelalphawidth=\skip76
\localshorthandwidth=\skip77
\localshortjournalwidth=\skip78
\localshortserieswidth=\skip79
\localshorttitlewidth=\skip80
\localshortauthorwidth=\skip81
\localshorteditorwidth=\skip82
Package biblatex Info: Trying to load compatibility code...
Package biblatex Info: ... file 'blx-compat.def' found.

(C:\Users\Usuario\AppData\Local\Programs\MiKTeX\tex/latex/biblatex\blx-compat.d
ef
File: blx-compat.def 2020/08/23 v3.15a biblatex compatibility (PK/MW)
)
(C:\Users\Usuario\AppData\Local\Programs\MiKTeX\tex/latex/l3kernel\expl3.sty
Package: expl3 2020-09-03 L3 programming layer (loader) 

(C:\Users\Usuario\AppData\Local\Programs\MiKTeX\tex/latex/l3backend\l3backend-p
dftex.def
File: l3backend-pdftex.def 2020-09-01 L3 backend support: PDF output (pdfTeX)
\l__kernel_color_stack_int=\count456
\l__pdf_internal_box=\box65
))
Package biblatex Info: expl3
(biblatex)             2020-09-03 L3 programming layer (loader) 
(biblatex)             is new enough (at least 2020/04/06),
(biblatex)             setting 'casechanger=expl3'.
Package biblatex Info: Trying to load expl3 case changing code...
Package biblatex Info: ... file 'blx-case-expl3.def' found.

(C:\Users\Usuario\AppData\Local\Programs\MiKTeX\tex/latex/biblatex\blx-case-exp
l3.def
(C:\Users\Usuario\AppData\Local\Programs\MiKTeX\tex/latex/l3packages/xparse\xpa
rse.sty
Package: xparse 2020-05-15 L3 Experimental document command parser

(C:\Users\Usuario\AppData\Local\Programs\MiKTeX\tex/latex/l3packages/xparse\xpa
rse-generic.tex
\l__xparse_current_arg_int=\count457
\g__xparse_grabber_int=\count458
\l__xparse_m_args_int=\count459
\l__xparse_v_nesting_int=\count460
))
File: blx-case-expl3 2020/08/23 v3.15a expl3 case changing code for biblatex
)
Package biblatex Info: Trying to load generic definitions...
Package biblatex Info: ... file 'biblatex.def' found.

(C:\Users\Usuario\AppData\Local\Programs\MiKTeX\tex/latex/biblatex\biblatex.def
File: biblatex.def 2020/08/23 v3.15a biblatex compatibility (PK/MW)
\c@textcitecount=\count461
\c@textcitetotal=\count462
\c@textcitemaxnames=\count463
\c@biburlbigbreakpenalty=\count464
\c@biburlbreakpenalty=\count465
\c@biburlnumpenalty=\count466
\c@biburlucpenalty=\count467
\c@biburllcpenalty=\count468
\biburlbigskip=\muskip18
\biburlnumskip=\muskip19
\biburlucskip=\muskip20
\biburllcskip=\muskip21
\c@smartand=\count469
)
Package biblatex Info: Trying to load natbib compatibility...
Package biblatex Info: ... file 'blx-natbib.def' found.

(C:\Users\Usuario\AppData\Local\Programs\MiKTeX\tex/latex/biblatex\blx-natbib.d
ef
File: blx-natbib.def 2020/08/23 v3.15a biblatex compatibility (PK/MW)
Package biblatex Info: Delimiter 'nameyeardelim' in context '' already defined,
 overwriting.
)
Package biblatex Info: Trying to load bibliography style 'apa'...
Package biblatex Info: ... file 'apa.bbx' found.

(C:\Users\Usuario\AppData\Local\Programs\MiKTeX\tex/latex/biblatex-apa\apa.bbx
File: apa.bbx 2020/08/28 v9.14 APA biblatex references style
Package biblatex Info: Trying to load bibliography style 'standard'...
Package biblatex Info: ... file 'standard.bbx' found.

(C:\Users\Usuario\AppData\Local\Programs\MiKTeX\tex/latex/biblatex/bbx\standard
.bbx
File: standard.bbx 2020/08/23 v3.15a biblatex bibliography style (PK/MW)
\c@bbx:relatedcount=\count470
\c@bbx:relatedtotal=\count471
))
Package biblatex Info: Trying to load citation style 'apa'...
Package biblatex Info: ... file 'apa.cbx' found.

(C:\Users\Usuario\AppData\Local\Programs\MiKTeX\tex/latex/biblatex-apa\apa.cbx
File: apa.cbx 2020/08/28 v9.14 APA biblatex citation style
Package biblatex Info: Delimiter 'nameyeardelim' in context '' already defined,
 overwriting.
Package biblatex Info: Delimiter 'nameyeardelim' in context 'textcite' already 
defined, overwriting.
Package biblatex Info: Delimiter 'andothersdelim' in context '' already defined
, overwriting.
Package biblatex Info: Redefining '\fullcite'.
Package biblatex Info: Redefining '\citeauthor'.
Package biblatex Info: Redefining '\citeyear'.
Package biblatex Info: Redefining '\cite'.
Package biblatex Info: Redefining '\cites'.
Package biblatex Info: Redefining '\parencite'.
Package biblatex Info: Redefining '\parencites'.
Package biblatex Info: Redefining '\footcite'.
Package biblatex Info: Redefining '\footcites'.
Package biblatex Info: Redefining '\footcitetext'.
Package biblatex Info: Redefining '\footcitetexts'.
Package biblatex Info: Redefining '\smartcite'.
Package biblatex Info: Redefining '\smartcites'.
Package biblatex Info: Redefining '\textcite'.
Package biblatex Info: Redefining '\textcites'.
)
Package biblatex Info: Trying to load configuration file...
Package biblatex Info: ... file 'biblatex.cfg' found.

(C:\Users\Usuario\AppData\Local\Programs\MiKTeX\tex/latex/biblatex\biblatex.cfg
File: biblatex.cfg 
)) (estilos_bibliograficos/udelartex_apa.sty
Package biblatex Info: Delimiter 'finalnamedelim' in context '' already defined
, overwriting on input line 13.
)
(C:\Users\Usuario\AppData\Local\Programs\MiKTeX\tex/latex/subfigure\subfigure.s
ty
Package: subfigure 2002/07/30 v2.1.4 subfigure package
\subfigtopskip=\skip83
\subfigcapskip=\skip84
\subfigcaptopadj=\dimen289
\subfigbottomskip=\skip85
\subfigcapmargin=\dimen290
\subfiglabelskip=\skip86
\c@subfigure=\count472
\c@lofdepth=\count473
\c@subtable=\count474
\c@lotdepth=\count475

****************************************
* Local config file subfigure.cfg used *
****************************************

(C:\Users\Usuario\AppData\Local\Programs\MiKTeX\tex/latex/subfigure\subfigure.c
fg)
\subfig@top=\skip87
\subfig@bottom=\skip88
)
(C:\Users\Usuario\AppData\Local\Programs\MiKTeX\tex/latex/algorithms\algorithm.
sty
Package: algorithm 2009/08/24 v0.1 Document Style `algorithm' - floating enviro
nment
\@float@every@algorithm=\toks45
\c@algorithm=\count476
)
(C:\Users\Usuario\AppData\Local\Programs\MiKTeX\tex/latex/algorithms\algorithmi
c.sty
Package: algorithmic 2009/08/24 v0.1 Document Style `algorithmic'
\c@ALC@unique=\count477
\c@ALC@line=\count478
\c@ALC@rem=\count479
\c@ALC@depth=\count480
\ALC@tlm=\skip89
\algorithmicindent=\skip90
)

Package biblatex Warning: 'babel/polyglossia' detected but 'csquotes' missing.
(biblatex)                Loading 'csquotes' recommended.

\@quotelevel=\count481
\@quotereset=\count482
(tesis.aux
LaTeX Info: Redefining \. on input line 28.
LaTeX Info: Redefining \% on input line 28.
 (capitulos/Introduccion.aux) (capitulos/EstadoDelArte.aux)
(capitulos/Preliminares.aux) (capitulos/Metodologia.aux)
(capitulos/ResultadosNumericos.aux) (capitulos/Conclusiones.aux))
\openout1 = `tesis.aux'.

LaTeX Font Info:    Checking defaults for OML/cmm/m/it on input line 60.
LaTeX Font Info:    ... okay on input line 60.
LaTeX Font Info:    Checking defaults for OMS/cmsy/m/n on input line 60.
LaTeX Font Info:    ... okay on input line 60.
LaTeX Font Info:    Checking defaults for OT1/cmr/m/n on input line 60.
LaTeX Font Info:    ... okay on input line 60.
LaTeX Font Info:    Checking defaults for T1/cmr/m/n on input line 60.
LaTeX Font Info:    ... okay on input line 60.
LaTeX Font Info:    Checking defaults for TS1/cmr/m/n on input line 60.
LaTeX Font Info:    ... okay on input line 60.
LaTeX Font Info:    Checking defaults for OMX/cmex/m/n on input line 60.
LaTeX Font Info:    ... okay on input line 60.
LaTeX Font Info:    Checking defaults for U/cmr/m/n on input line 60.
LaTeX Font Info:    ... okay on input line 60.
LaTeX Font Info:    Checking defaults for PD1/pdf/m/n on input line 60.
LaTeX Font Info:    ... okay on input line 60.

(C:\Users\Usuario\AppData\Local\Programs\MiKTeX\tex/context/base/mkii\supp-pdf.
mkii
[Loading MPS to PDF converter (version 2006.09.02).]
\scratchcounter=\count483
\scratchdimen=\dimen291
\scratchbox=\box66
\nofMPsegments=\count484
\nofMParguments=\count485
\everyMPshowfont=\toks46
\MPscratchCnt=\count486
\MPscratchDim=\dimen292
\MPnumerator=\count487
\makeMPintoPDFobject=\count488
\everyMPtoPDFconversion=\toks47
)
(C:\Users\Usuario\AppData\Local\Programs\MiKTeX\tex/latex/epstopdf-pkg\epstopdf
-base.sty
Package: epstopdf-base 2020-01-24 v2.11 Base part for package epstopdf
Package epstopdf-base Info: Redefining graphics rule for `.eps' on input line 4
85.
)
Package lastpage Info: Please have a look at the pageslts package at
(lastpage)             https://www.ctan.org/pkg/pageslts
(lastpage)             ! on input line 60.
LaTeX Info: Redefining \. on input line 60.
LaTeX Info: Redefining \% on input line 60.
Package caption Info: Begin \AtBeginDocument code.
Package caption Info: hyperref package is loaded.
Package caption Info: subfigure package is loaded.
Package caption Info: End \AtBeginDocument code.
\AtBeginShipoutBox=\box67
Package hyperref Info: Link coloring ON on input line 60.

(C:\Users\Usuario\AppData\Local\Programs\MiKTeX\tex/latex/hyperref\nameref.sty
Package: nameref 2019/09/16 v2.46 Cross-referencing by name of section

(C:\Users\Usuario\AppData\Local\Programs\MiKTeX\tex/latex/refcount\refcount.sty
Package: refcount 2019/12/15 v3.6 Data extraction from label references (HO)
)
(C:\Users\Usuario\AppData\Local\Programs\MiKTeX\tex/generic/gettitlestring\gett
itlestring.sty
Package: gettitlestring 2019/12/15 v1.6 Cleanup title references (HO)
)
\c@section@level=\count489
)
LaTeX Info: Redefining \ref on input line 60.
LaTeX Info: Redefining \pageref on input line 60.
LaTeX Info: Redefining \nameref on input line 60.
 (tesis.out) (tesis.out)
\@outlinefile=\write5
\openout5 = `tesis.out'.


*geometry* driver: auto-detecting
*geometry* detected driver: pdftex
*geometry* verbose mode - [ preamble ] result:
* driver: pdftex
* paper: a4paper
* layout: <same size as paper>
* layoutoffset:(h,v)=(0.0pt,0.0pt)
* vratio: 1:1
* modes: 
* h-part:(L,W,R)=(113.81102pt, 398.3386pt, 85.35826pt)
* v-part:(T,H,B)=(113.81102pt, 645.87756pt, 85.35826pt)
* \paperwidth=597.50787pt
* \paperheight=845.04684pt
* \textwidth=398.3386pt
* \textheight=645.87756pt
* \oddsidemargin=41.54103pt
* \evensidemargin=13.08827pt
* \topmargin=9.66724pt
* \headheight=12.0pt
* \headsep=19.8738pt
* \topskip=12.0pt
* \footskip=30.0pt
* \marginparwidth=71.13188pt
* \marginparsep=7.0pt
* \columnsep=10.0pt
* \skip\footins=10.8pt plus 4.0pt minus 2.0pt
* \hoffset=0.0pt
* \voffset=0.0pt
* \mag=1000
* \@twocolumnfalse
* \@twosidefalse
* \@mparswitchtrue
* \@reversemarginfalse
* (1in=72.27pt=25.4mm, 1cm=28.453pt)

ABD: EveryShipout initializing macros
Package biblatex Info: Trying to load language 'spanish' -> 'spanish-apa'...
Package biblatex Info: ... file 'spanish-apa.lbx' found.

(C:\Users\Usuario\AppData\Local\Programs\MiKTeX\tex/latex/biblatex-apa\spanish-
apa.lbx
File: spanish-apa.lbx 2020/08/28 v9.14 APA biblatex localisation
Package biblatex Info: Trying to load language 'spanish'...
Package biblatex Info: ... file 'spanish.lbx' found.

(C:\Users\Usuario\AppData\Local\Programs\MiKTeX\tex/latex/biblatex/lbx\spanish.
lbx
File: spanish.lbx 2020/08/23 v3.15a biblatex localization (PK/MW)
)
Package biblatex Info: Trying to load language 'spanish'...
Package biblatex Info: ... file 'spanish.lbx' found.

(C:\Users\Usuario\AppData\Local\Programs\MiKTeX\tex/latex/biblatex/lbx\spanish.
lbx
File: spanish.lbx 2020/08/23 v3.15a biblatex localization (PK/MW)
))
Package biblatex Info: Trying to load language 'english' -> 'english-apa'...
Package biblatex Info: ... file 'english-apa.lbx' found.

(C:\Users\Usuario\AppData\Local\Programs\MiKTeX\tex/latex/biblatex-apa\english-
apa.lbx
File: english-apa.lbx 2020/08/28 v9.14 APA biblatex localisation
Package biblatex Info: Trying to load language 'english'...
Package biblatex Info: ... file 'english.lbx' found.

(C:\Users\Usuario\AppData\Local\Programs\MiKTeX\tex/latex/biblatex/lbx\english.
lbx
File: english.lbx 2020/08/23 v3.15a biblatex localization (PK/MW)
)
Package biblatex Info: Trying to load language 'american' -> 'american-apa'...
Package biblatex Info: ... file 'american-apa.lbx' found.

(C:\Users\Usuario\AppData\Local\Programs\MiKTeX\tex/latex/biblatex-apa\american
-apa.lbx
File: american-apa.lbx 2020/08/28 v9.14 APA biblatex localisation
Package biblatex Info: Trying to load language 'american'...
Package biblatex Info: ... file 'american.lbx' found.

(C:\Users\Usuario\AppData\Local\Programs\MiKTeX\tex/latex/biblatex/lbx\american
.lbx
File: american.lbx 2020/08/23 v3.15a biblatex localization (PK/MW)
Package biblatex Info: Trying to load language 'english'...
Package biblatex Info: ... file 'english.lbx' found.

(C:\Users\Usuario\AppData\Local\Programs\MiKTeX\tex/latex/biblatex/lbx\english.
lbx
File: english.lbx 2020/08/23 v3.15a biblatex localization (PK/MW)
))))
Package biblatex Info: Input encoding 'utf8' detected.
Package biblatex Info: Automatic encoding selection.
(biblatex)             Assuming data encoding 'utf8'.
\openout4 = `tesis.bcf'.

Package biblatex Info: Trying to load bibliographic data...
Package biblatex Info: ... file 'tesis.bbl' found.
 (tesis.bbl)
Package biblatex Info: Reference section=0 on input line 60.
Package biblatex Info: Reference segment=0 on input line 60.
<imagenes/logo_institucion1.png, id=146, 149.05687pt x 148.10596pt>
File: imagenes/logo_institucion1.png Graphic file (type png)
<use imagenes/logo_institucion1.png>
Package pdftex.def Info: imagenes/logo_institucion1.png  used on input line 94.

(pdftex.def)             Requested size: 52.00237pt x 51.67139pt.
<imagenes/logo_udelar.pdf, id=147, 207.28883pt x 59.6364pt>
File: imagenes/logo_udelar.pdf Graphic file (type pdf)
<use imagenes/logo_udelar.pdf>
Package pdftex.def Info: imagenes/logo_udelar.pdf  used on input line 94.
(pdftex.def)             Requested size: 179.61234pt x 51.67139pt.
 [1


{C:/Users/Usuario/AppData/Local/MiKTeX/pdftex/config/pdftex.map} <./imagenes/lo
go_institucion1.png (PNG copy)> <./imagenes/logo_udelar.pdf>] (tesis.toc
LaTeX Info: Redefining \sptext on input line 2.
LaTeX Info: Redefining \. on input line 2.
LaTeX Info: Redefining \% on input line 2.
LaTeX Font Info:    Trying to load font information for U+msa on input line 6.

(C:\Users\Usuario\AppData\Local\Programs\MiKTeX\tex/latex/amsfonts\umsa.fd
File: umsa.fd 2013/01/14 v3.01 AMS symbols A
)
LaTeX Font Info:    Trying to load font information for U+msb on input line 6.

(C:\Users\Usuario\AppData\Local\Programs\MiKTeX\tex/latex/amsfonts\umsb.fd
File: umsb.fd 2013/01/14 v3.01 AMS symbols B
)pdfTeX warning (ext4): destination with the same identifier (name{page.I}) has
 been already used, duplicate ignored
<to be read again> 
                   \relax 
l.62 ...e {5}Resultados numricos}{53}{chapter.5}
                                                  % [1

])
\tf@toc=\write6
\openout6 = `tesis.toc'.

LaTeX Info: Redefining \. on input line 112.
LaTeX Info: Redefining \% on input line 112.
 [2]
\openout2 = `capitulos/Introduccion.aux'.


(capitulos/Introduccion.tex
Cap\'{\i }tulo 1.

Package hyperref Warning: Difference (2) between bookmark levels is greater 
(hyperref)                than one, level fixed on input line 3.


LaTeX Warning: Citation 'DNM2002' on page 1 undefined on input line 7.


LaTeX Warning: Citation 'duranona2015significance' on page 1 undefined on input
 line 7.


LaTeX Warning: Citation 'duranona2019first' on page 1 undefined on input line 7
.

[1



]

LaTeX Warning: Citation 'stengel2017measurements' on page 2 undefined on input 
line 11.


LaTeX Warning: Citation 'desai1995finite' on page 2 undefined on input line 15.



LaTeX Warning: Citation 'albino2018co' on page 2 undefined on input line 15.


LaTeX Warning: Citation 'asadi2019multibody' on page 2 undefined on input line 
15.

) [2]
\openout2 = `capitulos/EstadoDelArte.aux'.

 (capitulos/EstadoDelArte.tex
Cap\'{\i }tulo 2.

LaTeX Warning: Citation 'Starossek1991' on page 3 undefined on input line 8.

[3



]

LaTeX Warning: Citation 'Irvine1974' on page 4 undefined on input line 10.


LaTeX Warning: Citation 'Routh1955' on page 4 undefined on input line 12.


LaTeX Warning: Citation 'Kloppel1942' on page 4 undefined on input line 12.


LaTeX Warning: Citation 'Pugsley1949' on page 4 undefined on input line 12.


LaTeX Warning: Citation 'Saxon1953' on page 4 undefined on input line 12.


LaTeX Warning: Citation 'Irvine1974' on page 4 undefined on input line 16.


LaTeX Warning: Citation 'Irvine1974' on page 4 undefined on input line 16.

[4]

LaTeX Warning: Citation 'Irvine1976' on page 5 undefined on input line 18.


LaTeX Warning: Citation 'Irvine1978' on page 5 undefined on input line 18.


LaTeX Warning: Citation 'Triantafyllou1984' on page 5 undefined on input line 1
8.


LaTeX Warning: Citation 'Davenport1965' on page 5 undefined on input line 20.


LaTeX Warning: Citation 'Veletsos1983' on page 5 undefined on input line 20.


LaTeX Warning: Citation 'Starossek1991' on page 5 undefined on input line 20.


LaTeX Warning: Citation 'Simiu1986' on page 5 undefined on input line 22.

[5]

LaTeX Warning: Citation 'Martinelli2001' on page 6 undefined on input line 27.


LaTeX Warning: Citation 'Martinelli2004' on page 6 undefined on input line 27.


LaTeX Warning: Citation 'koh2004dynamic' on page 6 undefined on input line 27.


LaTeX Warning: Citation 'oran1973tangent' on page 6 undefined on input line 29.



LaTeX Warning: Citation 'di2008corotational' on page 6 undefined on input line 
31.


LaTeX Warning: Citation 'simo1988dynamics' on page 6 undefined on input line 31
.

[6]

LaTeX Warning: Citation 'Papailiou1997' on page 7 undefined on input line 34.


LaTeX Warning: Citation 'Kutterer1992' on page 7 undefined on input line 34.


LaTeX Warning: Citation 'Papailiou1997' on page 7 undefined on input line 36.


LaTeX Warning: Citation 'Foti2016' on page 7 undefined on input line 43.


LaTeX Warning: Citation 'costello1990average' on page 7 undefined on input line
 43.


LaTeX Warning: Citation 'rawlins2005flexure' on page 7 undefined on input line 
43.

[7]

LaTeX Warning: Citation 'fujita1985downburst' on page 8 undefined on input line
 50.


LaTeX Warning: Citation 'darwish2010dynamic' on page 8 undefined on input line 
50.

[8]

LaTeX Warning: Citation 'ang1984probability' on page 9 undefined on input line 
52.


LaTeX Warning: Citation 'holmes2002re' on page 9 undefined on input line 54.


LaTeX Warning: Citation 'abd2013coupled' on page 9 undefined on input line 54.


LaTeX Warning: Citation 'stengel2017measurements' on page 9 undefined on input 
line 54.


LaTeX Warning: Citation 'duranona2009analysis' on page 9 undefined on input lin
e 56.


LaTeX Warning: Citation 'duranona2009analysis' on page 9 undefined on input lin
e 58.


LaTeX Warning: Citation 'duranona2015significance' on page 9 undefined on input
 line 58.


LaTeX Warning: Citation 'duranona2019first' on page 9 undefined on input line 5
8.

[9]

LaTeX Warning: Citation 'blevins1990van' on page 10 undefined on input line 62.



LaTeX Warning: Citation 'jones1992coupled' on page 10 undefined on input line 6
2.


LaTeX Warning: Citation 'chabart1998galloping' on page 10 undefined on input li
ne 62.

[10]

LaTeX Warning: Citation 'jones1992coupled' on page 11 undefined on input line 6
8.


LaTeX Warning: Citation 'luongo1984planar' on page 11 undefined on input line 7
0.


LaTeX Warning: Citation 'lee1992nonlinear' on page 11 undefined on input line 7
0.


LaTeX Warning: Citation 'luongo1998non' on page 11 undefined on input line 72.

[11]

LaTeX Warning: Citation 'luongo2007linear' on page 12 undefined on input line 7
5.


LaTeX Warning: Citation 'luongo2007linear' on page 12 undefined on input line 7
7.


LaTeX Warning: Citation 'luongo2009effect' on page 12 undefined on input line 7
9.

[12]

LaTeX Warning: Citation 'Nour-Omid1991' on page 13 undefined on input line 84.


LaTeX Warning: Citation 'Nour-Omid1991' on page 13 undefined on input line 88.

[13]

LaTeX Warning: Citation 'Crisfield' on page 14 undefined on input line 93.


LaTeX Warning: Citation 'pacoste1997beam' on page 14 undefined on input line 93
.


LaTeX Warning: Citation 'Battini2002' on page 14 undefined on input line 95.


LaTeX Warning: Citation 'alsafadie2010corotational' on page 14 undefined on inp
ut line 95.


LaTeX Warning: Citation 'alsafadie2010corotational' on page 14 undefined on inp
ut line 96.


LaTeX Warning: Citation 'behdinan1998co' on page 14 undefined on input line 98.



LaTeX Warning: Citation 'simo1988dynamics' on page 14 undefined on input line 9
8.

[14]

LaTeX Warning: Citation 'Le2011' on page 15 undefined on input line 100.


LaTeX Warning: Citation 'reddy1997locking' on page 15 undefined on input line 1
00.


LaTeX Warning: Citation 'Le2014' on page 15 undefined on input line 102.


LaTeX Warning: Citation 'Battini2002' on page 15 undefined on input line 102.


LaTeX Warning: Citation 'hilber1977improved' on page 15 undefined on input line
 102.


LaTeX Warning: Citation 'Le2014' on page 15 undefined on input line 104.


LaTeX Warning: Citation 'simo1988dynamics' on page 15 undefined on input line 1
04.

[15]

LaTeX Warning: Citation 'albino2018co' on page 16 undefined on input line 106.


LaTeX Warning: Citation 'asadi2019multibody' on page 16 undefined on input line
 106.


LaTeX Warning: Citation 'barzanooni2018modeling' on page 16 undefined on input 
line 106.


LaTeX Warning: Citation 'Le2014' on page 16 undefined on input line 106.

) [16]
\openout2 = `capitulos/Preliminares.aux'.

 (capitulos/Preliminares.tex
Cap\'{\i }tulo 3.

LaTeX Warning: Citation 'Le2014' on page 17 undefined on input line 5.

[17



] (imagenes/Preliminares/Corrotacional/IlusCorrotacional2.pdf_tex
<./imagenes/Preliminares/Corrotacional/IlusCorrotacional2.pdf, id=290, page=1, 
683.51215pt x 564.35127pt>
File: ./imagenes/Preliminares/Corrotacional/IlusCorrotacional2.pdf Graphic file
 (type pdf)
<use ./imagenes/Preliminares/Corrotacional/IlusCorrotacional2.pdf, page 1>
Package pdftex.def Info: ./imagenes/Preliminares/Corrotacional/IlusCorrotaciona
l2.pdf , page1 used on input line 56.
(pdftex.def)             Requested size: 284.52756pt x 234.92476pt.
<./imagenes/Preliminares/Corrotacional/IlusCorrotacional2.pdf, id=291, page=2, 
683.51215pt x 564.35127pt>
File: ./imagenes/Preliminares/Corrotacional/IlusCorrotacional2.pdf Graphic file
 (type pdf)
<use ./imagenes/Preliminares/Corrotacional/IlusCorrotacional2.pdf, page 2>
Package pdftex.def Info: ./imagenes/Preliminares/Corrotacional/IlusCorrotaciona
l2.pdf , page2 used on input line 58.
(pdftex.def)             Requested size: 284.52756pt x 234.92476pt.
<./imagenes/Preliminares/Corrotacional/IlusCorrotacional2.pdf, id=292, page=3, 
683.51215pt x 564.35127pt>
File: ./imagenes/Preliminares/Corrotacional/IlusCorrotacional2.pdf Graphic file
 (type pdf)
<use ./imagenes/Preliminares/Corrotacional/IlusCorrotacional2.pdf, page 3>
Package pdftex.def Info: ./imagenes/Preliminares/Corrotacional/IlusCorrotaciona
l2.pdf , page3 used on input line 60.
(pdftex.def)             Requested size: 284.52756pt x 234.92476pt.
<./imagenes/Preliminares/Corrotacional/IlusCorrotacional2.pdf, id=293, page=4, 
683.51215pt x 564.35127pt>
File: ./imagenes/Preliminares/Corrotacional/IlusCorrotacional2.pdf Graphic file
 (type pdf)
<use ./imagenes/Preliminares/Corrotacional/IlusCorrotacional2.pdf, page 4>
Package pdftex.def Info: ./imagenes/Preliminares/Corrotacional/IlusCorrotaciona
l2.pdf , page4 used on input line 64.
(pdftex.def)             Requested size: 284.52756pt x 234.92476pt.
<./imagenes/Preliminares/Corrotacional/IlusCorrotacional2.pdf, id=294, page=5, 
683.51215pt x 564.35127pt>
File: ./imagenes/Preliminares/Corrotacional/IlusCorrotacional2.pdf Graphic file
 (type pdf)
<use ./imagenes/Preliminares/Corrotacional/IlusCorrotacional2.pdf, page 5>
Package pdftex.def Info: ./imagenes/Preliminares/Corrotacional/IlusCorrotaciona
l2.pdf , page5 used on input line 67.
(pdftex.def)             Requested size: 284.52756pt x 234.92476pt.
<./imagenes/Preliminares/Corrotacional/IlusCorrotacional2.pdf, id=295, page=6, 
683.51215pt x 564.35127pt>
File: ./imagenes/Preliminares/Corrotacional/IlusCorrotacional2.pdf Graphic file
 (type pdf)
<use ./imagenes/Preliminares/Corrotacional/IlusCorrotacional2.pdf, page 6>
Package pdftex.def Info: ./imagenes/Preliminares/Corrotacional/IlusCorrotaciona
l2.pdf , page6 used on input line 69.
(pdftex.def)             Requested size: 284.52756pt x 234.92476pt.
<./imagenes/Preliminares/Corrotacional/IlusCorrotacional2.pdf, id=296, page=7, 
683.51215pt x 564.35127pt>
File: ./imagenes/Preliminares/Corrotacional/IlusCorrotacional2.pdf Graphic file
 (type pdf)
<use ./imagenes/Preliminares/Corrotacional/IlusCorrotacional2.pdf, page 7>
Package pdftex.def Info: ./imagenes/Preliminares/Corrotacional/IlusCorrotaciona
l2.pdf , page7 used on input line 71.
(pdftex.def)             Requested size: 284.52756pt x 234.92476pt.
<./imagenes/Preliminares/Corrotacional/IlusCorrotacional2.pdf, id=297, page=8, 
683.51215pt x 564.35127pt>
File: ./imagenes/Preliminares/Corrotacional/IlusCorrotacional2.pdf Graphic file
 (type pdf)
<use ./imagenes/Preliminares/Corrotacional/IlusCorrotacional2.pdf, page 8>
Package pdftex.def Info: ./imagenes/Preliminares/Corrotacional/IlusCorrotaciona
l2.pdf , page8 used on input line 73.
(pdftex.def)             Requested size: 284.52756pt x 234.92476pt.
) [18 <./imagenes/Preliminares/Corrotacional/IlusCorrotacional2.pdf> <./imagene
s/Preliminares/Corrotacional/IlusCorrotacional2.pdf

pdfTeX warning: pdflatex.exe (file ./imagenes/Preliminares/Corrotacional/IlusCo
rrotacional2.pdf): PDF inclusion: multiple pdfs with page group included in a s
ingle page
> <./imagenes/Preliminares/Corrotacional/IlusCorrotacional2.pdf

pdfTeX warning: pdflatex.exe (file ./imagenes/Preliminares/Corrotacional/IlusCo
rrotacional2.pdf): PDF inclusion: multiple pdfs with page group included in a s
ingle page
> <./imagenes/Preliminares/Corrotacional/IlusCorrotacional2.pdf

pdfTeX warning: pdflatex.exe (file ./imagenes/Preliminares/Corrotacional/IlusCo
rrotacional2.pdf): PDF inclusion: multiple pdfs with page group included in a s
ingle page
> <./imagenes/Preliminares/Corrotacional/IlusCorrotacional2.pdf

pdfTeX warning: pdflatex.exe (file ./imagenes/Preliminares/Corrotacional/IlusCo
rrotacional2.pdf): PDF inclusion: multiple pdfs with page group included in a s
ingle page
> <./imagenes/Preliminares/Corrotacional/IlusCorrotacional2.pdf

pdfTeX warning: pdflatex.exe (file ./imagenes/Preliminares/Corrotacional/IlusCo
rrotacional2.pdf): PDF inclusion: multiple pdfs with page group included in a s
ingle page
> <./imagenes/Preliminares/Corrotacional/IlusCorrotacional2.pdf

pdfTeX warning: pdflatex.exe (file ./imagenes/Preliminares/Corrotacional/IlusCo
rrotacional2.pdf): PDF inclusion: multiple pdfs with page group included in a s
ingle page
> <./imagenes/Preliminares/Corrotacional/IlusCorrotacional2.pdf

pdfTeX warning: pdflatex.exe (file ./imagenes/Preliminares/Corrotacional/IlusCo
rrotacional2.pdf): PDF inclusion: multiple pdfs with page group included in a s
ingle page
>]

LaTeX Warning: Citation 'kovzar1995finite' on page 19 undefined on input line 2
5.

(imagenes/Preliminares/Corrotacional/IlusCorrotacional.pdf_tex
<./imagenes/Preliminares/Corrotacional/IlusCorrotacional.pdf, id=332, page=1, 6
30.99098pt x 555.44887pt>
File: ./imagenes/Preliminares/Corrotacional/IlusCorrotacional.pdf Graphic file 
(type pdf)
<use ./imagenes/Preliminares/Corrotacional/IlusCorrotacional.pdf, page 1>
Package pdftex.def Info: ./imagenes/Preliminares/Corrotacional/IlusCorrotaciona
l.pdf , page1 used on input line 56.
(pdftex.def)             Requested size: 284.52756pt x 250.46667pt.
<./imagenes/Preliminares/Corrotacional/IlusCorrotacional.pdf, id=333, page=2, 6
30.99098pt x 555.44887pt>
File: ./imagenes/Preliminares/Corrotacional/IlusCorrotacional.pdf Graphic file 
(type pdf)
<use ./imagenes/Preliminares/Corrotacional/IlusCorrotacional.pdf, page 2>
Package pdftex.def Info: ./imagenes/Preliminares/Corrotacional/IlusCorrotaciona
l.pdf , page2 used on input line 60.
(pdftex.def)             Requested size: 284.52756pt x 250.46667pt.
<./imagenes/Preliminares/Corrotacional/IlusCorrotacional.pdf, id=334, page=3, 6
30.99098pt x 555.44887pt>
File: ./imagenes/Preliminares/Corrotacional/IlusCorrotacional.pdf Graphic file 
(type pdf)
<use ./imagenes/Preliminares/Corrotacional/IlusCorrotacional.pdf, page 3>
Package pdftex.def Info: ./imagenes/Preliminares/Corrotacional/IlusCorrotaciona
l.pdf , page3 used on input line 64.
(pdftex.def)             Requested size: 284.52756pt x 250.46667pt.
<./imagenes/Preliminares/Corrotacional/IlusCorrotacional.pdf, id=335, page=4, 6
30.99098pt x 555.44887pt>
File: ./imagenes/Preliminares/Corrotacional/IlusCorrotacional.pdf Graphic file 
(type pdf)
<use ./imagenes/Preliminares/Corrotacional/IlusCorrotacional.pdf, page 4>
Package pdftex.def Info: ./imagenes/Preliminares/Corrotacional/IlusCorrotaciona
l.pdf , page4 used on input line 68.
(pdftex.def)             Requested size: 284.52756pt x 250.46667pt.
<./imagenes/Preliminares/Corrotacional/IlusCorrotacional.pdf, id=336, page=5, 6
30.99098pt x 555.44887pt>
File: ./imagenes/Preliminares/Corrotacional/IlusCorrotacional.pdf Graphic file 
(type pdf)
<use ./imagenes/Preliminares/Corrotacional/IlusCorrotacional.pdf, page 5>
Package pdftex.def Info: ./imagenes/Preliminares/Corrotacional/IlusCorrotaciona
l.pdf , page5 used on input line 72.
(pdftex.def)             Requested size: 284.52756pt x 250.46667pt.
<./imagenes/Preliminares/Corrotacional/IlusCorrotacional.pdf, id=337, page=6, 6
30.99098pt x 555.44887pt>
File: ./imagenes/Preliminares/Corrotacional/IlusCorrotacional.pdf Graphic file 
(type pdf)
<use ./imagenes/Preliminares/Corrotacional/IlusCorrotacional.pdf, page 6>
Package pdftex.def Info: ./imagenes/Preliminares/Corrotacional/IlusCorrotaciona
l.pdf , page6 used on input line 76.
(pdftex.def)             Requested size: 284.52756pt x 250.46667pt.
<./imagenes/Preliminares/Corrotacional/IlusCorrotacional.pdf, id=338, page=7, 6
30.99098pt x 555.44887pt>
File: ./imagenes/Preliminares/Corrotacional/IlusCorrotacional.pdf Graphic file 
(type pdf)
<use ./imagenes/Preliminares/Corrotacional/IlusCorrotacional.pdf, page 7>
Package pdftex.def Info: ./imagenes/Preliminares/Corrotacional/IlusCorrotaciona
l.pdf , page7 used on input line 78.
(pdftex.def)             Requested size: 284.52756pt x 250.46667pt.
) [19 <./imagenes/Preliminares/Corrotacional/IlusCorrotacional.pdf> <./imagenes
/Preliminares/Corrotacional/IlusCorrotacional.pdf

pdfTeX warning: pdflatex.exe (file ./imagenes/Preliminares/Corrotacional/IlusCo
rrotacional.pdf): PDF inclusion: multiple pdfs with page group included in a si
ngle page
> <./imagenes/Preliminares/Corrotacional/IlusCorrotacional.pdf

pdfTeX warning: pdflatex.exe (file ./imagenes/Preliminares/Corrotacional/IlusCo
rrotacional.pdf): PDF inclusion: multiple pdfs with page group included in a si
ngle page
> <./imagenes/Preliminares/Corrotacional/IlusCorrotacional.pdf

pdfTeX warning: pdflatex.exe (file ./imagenes/Preliminares/Corrotacional/IlusCo
rrotacional.pdf): PDF inclusion: multiple pdfs with page group included in a si
ngle page
> <./imagenes/Preliminares/Corrotacional/IlusCorrotacional.pdf

pdfTeX warning: pdflatex.exe (file ./imagenes/Preliminares/Corrotacional/IlusCo
rrotacional.pdf): PDF inclusion: multiple pdfs with page group included in a si
ngle page
> <./imagenes/Preliminares/Corrotacional/IlusCorrotacional.pdf

pdfTeX warning: pdflatex.exe (file ./imagenes/Preliminares/Corrotacional/IlusCo
rrotacional.pdf): PDF inclusion: multiple pdfs with page group included in a si
ngle page
> <./imagenes/Preliminares/Corrotacional/IlusCorrotacional.pdf

pdfTeX warning: pdflatex.exe (file ./imagenes/Preliminares/Corrotacional/IlusCo
rrotacional.pdf): PDF inclusion: multiple pdfs with page group included in a si
ngle page
>] [20] (imagenes/Preliminares/Corrotacional/IlusDisp.pdf_tex
<./imagenes/Preliminares/Corrotacional/IlusDisp.pdf, id=379, page=1, 548.84804p
t x 390.668pt>
File: ./imagenes/Preliminares/Corrotacional/IlusDisp.pdf Graphic file (type pdf
)
<use ./imagenes/Preliminares/Corrotacional/IlusDisp.pdf, page 1>
Package pdftex.def Info: ./imagenes/Preliminares/Corrotacional/IlusDisp.pdf , p
age1 used on input line 56.
(pdftex.def)             Requested size: 284.52756pt x 202.5226pt.
<./imagenes/Preliminares/Corrotacional/IlusDisp.pdf, id=380, page=2, 548.84804p
t x 390.668pt>
File: ./imagenes/Preliminares/Corrotacional/IlusDisp.pdf Graphic file (type pdf
)
<use ./imagenes/Preliminares/Corrotacional/IlusDisp.pdf, page 2>
Package pdftex.def Info: ./imagenes/Preliminares/Corrotacional/IlusDisp.pdf , p
age2 used on input line 61.
(pdftex.def)             Requested size: 284.52756pt x 202.5226pt.
<./imagenes/Preliminares/Corrotacional/IlusDisp.pdf, id=381, page=3, 548.84804p
t x 390.668pt>
File: ./imagenes/Preliminares/Corrotacional/IlusDisp.pdf Graphic file (type pdf
)
<use ./imagenes/Preliminares/Corrotacional/IlusDisp.pdf, page 3>
Package pdftex.def Info: ./imagenes/Preliminares/Corrotacional/IlusDisp.pdf , p
age3 used on input line 65.
(pdftex.def)             Requested size: 284.52756pt x 202.5226pt.
<./imagenes/Preliminares/Corrotacional/IlusDisp.pdf, id=382, page=4, 548.84804p
t x 390.668pt>
File: ./imagenes/Preliminares/Corrotacional/IlusDisp.pdf Graphic file (type pdf
)
<use ./imagenes/Preliminares/Corrotacional/IlusDisp.pdf, page 4>
Package pdftex.def Info: ./imagenes/Preliminares/Corrotacional/IlusDisp.pdf , p
age4 used on input line 68.
(pdftex.def)             Requested size: 284.52756pt x 202.5226pt.
<./imagenes/Preliminares/Corrotacional/IlusDisp.pdf, id=383, page=5, 548.84804p
t x 390.668pt>
File: ./imagenes/Preliminares/Corrotacional/IlusDisp.pdf Graphic file (type pdf
)
<use ./imagenes/Preliminares/Corrotacional/IlusDisp.pdf, page 5>
Package pdftex.def Info: ./imagenes/Preliminares/Corrotacional/IlusDisp.pdf , p
age5 used on input line 71.
(pdftex.def)             Requested size: 284.52756pt x 202.5226pt.
<./imagenes/Preliminares/Corrotacional/IlusDisp.pdf, id=384, page=6, 548.84804p
t x 390.668pt>
File: ./imagenes/Preliminares/Corrotacional/IlusDisp.pdf Graphic file (type pdf
)
<use ./imagenes/Preliminares/Corrotacional/IlusDisp.pdf, page 6>
Package pdftex.def Info: ./imagenes/Preliminares/Corrotacional/IlusDisp.pdf , p
age6 used on input line 75.
(pdftex.def)             Requested size: 284.52756pt x 202.5226pt.
<./imagenes/Preliminares/Corrotacional/IlusDisp.pdf, id=385, page=7, 548.84804p
t x 390.668pt>
File: ./imagenes/Preliminares/Corrotacional/IlusDisp.pdf Graphic file (type pdf
)
<use ./imagenes/Preliminares/Corrotacional/IlusDisp.pdf, page 7>
Package pdftex.def Info: ./imagenes/Preliminares/Corrotacional/IlusDisp.pdf , p
age7 used on input line 79.
(pdftex.def)             Requested size: 284.52756pt x 202.5226pt.
) [21 <./imagenes/Preliminares/Corrotacional/IlusDisp.pdf> <./imagenes/Prelimin
ares/Corrotacional/IlusDisp.pdf

pdfTeX warning: pdflatex.exe (file ./imagenes/Preliminares/Corrotacional/IlusDi
sp.pdf): PDF inclusion: multiple pdfs with page group included in a single page

> <./imagenes/Preliminares/Corrotacional/IlusDisp.pdf

pdfTeX warning: pdflatex.exe (file ./imagenes/Preliminares/Corrotacional/IlusDi
sp.pdf): PDF inclusion: multiple pdfs with page group included in a single page

> <./imagenes/Preliminares/Corrotacional/IlusDisp.pdf

pdfTeX warning: pdflatex.exe (file ./imagenes/Preliminares/Corrotacional/IlusDi
sp.pdf): PDF inclusion: multiple pdfs with page group included in a single page

> <./imagenes/Preliminares/Corrotacional/IlusDisp.pdf

pdfTeX warning: pdflatex.exe (file ./imagenes/Preliminares/Corrotacional/IlusDi
sp.pdf): PDF inclusion: multiple pdfs with page group included in a single page

> <./imagenes/Preliminares/Corrotacional/IlusDisp.pdf

pdfTeX warning: pdflatex.exe (file ./imagenes/Preliminares/Corrotacional/IlusDi
sp.pdf): PDF inclusion: multiple pdfs with page group included in a single page

> <./imagenes/Preliminares/Corrotacional/IlusDisp.pdf

pdfTeX warning: pdflatex.exe (file ./imagenes/Preliminares/Corrotacional/IlusDi
sp.pdf): PDF inclusion: multiple pdfs with page group included in a single page

>]
Underfull \vbox (badness 2213) has occurred while \output is active []

 [22]
Underfull \vbox (badness 10000) has occurred while \output is active []

 [23]
Underfull \vbox (badness 10000) has occurred while \output is active []

 [24]
(imagenes/Preliminares/Corrotacional/IlusLocalDisp.pdf_tex
<./imagenes/Preliminares/Corrotacional/IlusLocalDisp.pdf, id=471, page=1, 622.6
63pt x 250.86653pt>
File: ./imagenes/Preliminares/Corrotacional/IlusLocalDisp.pdf Graphic file (typ
e pdf)
<use ./imagenes/Preliminares/Corrotacional/IlusLocalDisp.pdf, page 1>
Package pdftex.def Info: ./imagenes/Preliminares/Corrotacional/IlusLocalDisp.pd
f , page1 used on input line 56.
(pdftex.def)             Requested size: 227.62204pt x 91.70523pt.
<./imagenes/Preliminares/Corrotacional/IlusLocalDisp.pdf, id=472, page=2, 622.6
63pt x 250.86653pt>
File: ./imagenes/Preliminares/Corrotacional/IlusLocalDisp.pdf Graphic file (typ
e pdf)
<use ./imagenes/Preliminares/Corrotacional/IlusLocalDisp.pdf, page 2>
Package pdftex.def Info: ./imagenes/Preliminares/Corrotacional/IlusLocalDisp.pd
f , page2 used on input line 60.
(pdftex.def)             Requested size: 227.62204pt x 91.70523pt.
<./imagenes/Preliminares/Corrotacional/IlusLocalDisp.pdf, id=473, page=3, 622.6
63pt x 250.86653pt>
File: ./imagenes/Preliminares/Corrotacional/IlusLocalDisp.pdf Graphic file (typ
e pdf)
<use ./imagenes/Preliminares/Corrotacional/IlusLocalDisp.pdf, page 3>
Package pdftex.def Info: ./imagenes/Preliminares/Corrotacional/IlusLocalDisp.pd
f , page3 used on input line 62.
(pdftex.def)             Requested size: 227.62204pt x 91.70523pt.
<./imagenes/Preliminares/Corrotacional/IlusLocalDisp.pdf, id=474, page=4, 622.6
63pt x 250.86653pt>
File: ./imagenes/Preliminares/Corrotacional/IlusLocalDisp.pdf Graphic file (typ
e pdf)
<use ./imagenes/Preliminares/Corrotacional/IlusLocalDisp.pdf, page 4>
Package pdftex.def Info: ./imagenes/Preliminares/Corrotacional/IlusLocalDisp.pd
f , page4 used on input line 68.
(pdftex.def)             Requested size: 227.62204pt x 91.70523pt.
<./imagenes/Preliminares/Corrotacional/IlusLocalDisp.pdf, id=475, page=5, 622.6
63pt x 250.86653pt>
File: ./imagenes/Preliminares/Corrotacional/IlusLocalDisp.pdf Graphic file (typ
e pdf)
<use ./imagenes/Preliminares/Corrotacional/IlusLocalDisp.pdf, page 5>
Package pdftex.def Info: ./imagenes/Preliminares/Corrotacional/IlusLocalDisp.pd
f , page5 used on input line 72.
(pdftex.def)             Requested size: 227.62204pt x 91.70523pt.
)
(imagenes/Preliminares/Corrotacional/IlusLocalAng.pdf_tex
<./imagenes/Preliminares/Corrotacional/IlusLocalAng.pdf, id=476, page=1, 621.17
244pt x 272.80539pt>
File: ./imagenes/Preliminares/Corrotacional/IlusLocalAng.pdf Graphic file (type
 pdf)
<use ./imagenes/Preliminares/Corrotacional/IlusLocalAng.pdf, page 1>
Package pdftex.def Info: ./imagenes/Preliminares/Corrotacional/IlusLocalAng.pdf
 , page1 used on input line 56.
(pdftex.def)             Requested size: 256.0748pt x 112.46284pt.
<./imagenes/Preliminares/Corrotacional/IlusLocalAng.pdf, id=477, page=2, 621.17
244pt x 272.80539pt>
File: ./imagenes/Preliminares/Corrotacional/IlusLocalAng.pdf Graphic file (type
 pdf)
<use ./imagenes/Preliminares/Corrotacional/IlusLocalAng.pdf, page 2>
Package pdftex.def Info: ./imagenes/Preliminares/Corrotacional/IlusLocalAng.pdf
 , page2 used on input line 60.
(pdftex.def)             Requested size: 256.0748pt x 112.46284pt.
<./imagenes/Preliminares/Corrotacional/IlusLocalAng.pdf, id=478, page=3, 621.17
244pt x 272.80539pt>
File: ./imagenes/Preliminares/Corrotacional/IlusLocalAng.pdf Graphic file (type
 pdf)
<use ./imagenes/Preliminares/Corrotacional/IlusLocalAng.pdf, page 3>
Package pdftex.def Info: ./imagenes/Preliminares/Corrotacional/IlusLocalAng.pdf
 , page3 used on input line 64.
(pdftex.def)             Requested size: 256.0748pt x 112.46284pt.
<./imagenes/Preliminares/Corrotacional/IlusLocalAng.pdf, id=479, page=4, 621.17
244pt x 272.80539pt>
File: ./imagenes/Preliminares/Corrotacional/IlusLocalAng.pdf Graphic file (type
 pdf)
<use ./imagenes/Preliminares/Corrotacional/IlusLocalAng.pdf, page 4>
Package pdftex.def Info: ./imagenes/Preliminares/Corrotacional/IlusLocalAng.pdf
 , page4 used on input line 68.
(pdftex.def)             Requested size: 256.0748pt x 112.46284pt.
<./imagenes/Preliminares/Corrotacional/IlusLocalAng.pdf, id=480, page=5, 621.17
244pt x 272.80539pt>
File: ./imagenes/Preliminares/Corrotacional/IlusLocalAng.pdf Graphic file (type
 pdf)
<use ./imagenes/Preliminares/Corrotacional/IlusLocalAng.pdf, page 5>
Package pdftex.def Info: ./imagenes/Preliminares/Corrotacional/IlusLocalAng.pdf
 , page5 used on input line 72.
(pdftex.def)             Requested size: 256.0748pt x 112.46284pt.
<./imagenes/Preliminares/Corrotacional/IlusLocalAng.pdf, id=481, page=6, 621.17
244pt x 272.80539pt>
File: ./imagenes/Preliminares/Corrotacional/IlusLocalAng.pdf Graphic file (type
 pdf)
<use ./imagenes/Preliminares/Corrotacional/IlusLocalAng.pdf, page 6>
Package pdftex.def Info: ./imagenes/Preliminares/Corrotacional/IlusLocalAng.pdf
 , page6 used on input line 74.
(pdftex.def)             Requested size: 256.0748pt x 112.46284pt.
) [25 <./imagenes/Preliminares/Corrotacional/IlusLocalDisp.pdf> <./imagenes/Pre
liminares/Corrotacional/IlusLocalDisp.pdf

pdfTeX warning: pdflatex.exe (file ./imagenes/Preliminares/Corrotacional/IlusLo
calDisp.pdf): PDF inclusion: multiple pdfs with page group included in a single
 page
> <./imagenes/Preliminares/Corrotacional/IlusLocalDisp.pdf

pdfTeX warning: pdflatex.exe (file ./imagenes/Preliminares/Corrotacional/IlusLo
calDisp.pdf): PDF inclusion: multiple pdfs with page group included in a single
 page
> <./imagenes/Preliminares/Corrotacional/IlusLocalDisp.pdf

pdfTeX warning: pdflatex.exe (file ./imagenes/Preliminares/Corrotacional/IlusLo
calDisp.pdf): PDF inclusion: multiple pdfs with page group included in a single
 page
> <./imagenes/Preliminares/Corrotacional/IlusLocalDisp.pdf

pdfTeX warning: pdflatex.exe (file ./imagenes/Preliminares/Corrotacional/IlusLo
calDisp.pdf): PDF inclusion: multiple pdfs with page group included in a single
 page
> <./imagenes/Preliminares/Corrotacional/IlusLocalAng.pdf

pdfTeX warning: pdflatex.exe (file ./imagenes/Preliminares/Corrotacional/IlusLo
calAng.pdf): PDF inclusion: multiple pdfs with page group included in a single 
page
> <./imagenes/Preliminares/Corrotacional/IlusLocalAng.pdf

pdfTeX warning: pdflatex.exe (file ./imagenes/Preliminares/Corrotacional/IlusLo
calAng.pdf): PDF inclusion: multiple pdfs with page group included in a single 
page
> <./imagenes/Preliminares/Corrotacional/IlusLocalAng.pdf

pdfTeX warning: pdflatex.exe (file ./imagenes/Preliminares/Corrotacional/IlusLo
calAng.pdf): PDF inclusion: multiple pdfs with page group included in a single 
page
> <./imagenes/Preliminares/Corrotacional/IlusLocalAng.pdf

pdfTeX warning: pdflatex.exe (file ./imagenes/Preliminares/Corrotacional/IlusLo
calAng.pdf): PDF inclusion: multiple pdfs with page group included in a single 
page
> <./imagenes/Preliminares/Corrotacional/IlusLocalAng.pdf

pdfTeX warning: pdflatex.exe (file ./imagenes/Preliminares/Corrotacional/IlusLo
calAng.pdf): PDF inclusion: multiple pdfs with page group included in a single 
page
> <./imagenes/Preliminares/Corrotacional/IlusLocalAng.pdf

pdfTeX warning: pdflatex.exe (file ./imagenes/Preliminares/Corrotacional/IlusLo
calAng.pdf): PDF inclusion: multiple pdfs with page group included in a single 
page
>]
Underfull \vbox (badness 10000) has occurred while \output is active []

 [26]

Package caption Warning: \label without proper reference on input line 240.
See the caption package documentation for explanation.


LaTeX Warning: Reference `fig:PRE:IlusLocalDisp' on page 27 undefined on input 
line 321.

[27]

LaTeX Warning: Citation 'Le2014' on page 28 undefined on input line 341.

[28]

LaTeX Warning: Citation 'Le2014' on page 29 undefined on input line 398.


LaTeX Warning: Citation 'Le2014' on page 29 undefined on input line 403.


LaTeX Warning: Citation 'battini2002co' on page 29 undefined on input line 403.



Underfull \vbox (badness 10000) has occurred while \output is active []

 [29]
[30] [31]

LaTeX Warning: Citation 'Rankin1986' on page 32 undefined on input line 475.


LaTeX Warning: Citation 'Rankin1986' on page 32 undefined on input line 476.


LaTeX Warning: Citation 'Le2014' on page 32 undefined on input line 480.


LaTeX Warning: Citation 'Crisfield' on page 32 undefined on input line 480.

[32]

LaTeX Warning: Citation 'cardona1988beam' on page 33 undefined on input line 50
7.


LaTeX Warning: Citation 'hsiao1999consistent' on page 33 undefined on input lin
e 507.


LaTeX Warning: Citation 'hsiao1999consistent' on page 33 undefined on input lin
e 507.


Underfull \vbox (badness 2150) has occurred while \output is active []

 [33]
[34])
\openout2 = `capitulos/Metodologia.aux'.

 (capitulos/Metodologia.tex
Cap\'{\i }tulo 4.

LaTeX Warning: Citation 'Le2014' on page 35 undefined on input line 6.


Underfull \vbox (badness 1708) has occurred while \output is active []

 [35



]
Overfull \hbox (3.10307pt too wide) detected at line 31
[]
 []


LaTeX Warning: Citation 'quarteroni2010numerical' on page 36 undefined on input
 line 33.


Underfull \vbox (badness 10000) has occurred while \output is active []

 [36]

LaTeX Warning: Citation 'newmark1959method' on page 37 undefined on input line 
77.


LaTeX Warning: Citation 'hilber1977improved' on page 37 undefined on input line
 77.


LaTeX Warning: Citation 'hilber1977improved' on page 37 undefined on input line
 79.


LaTeX Warning: Citation 'Le2014' on page 37 undefined on input line 79.

[37]
Overfull \hbox (34.89063pt too wide) in alignment at lines 84--98
 [][][] []
 []


Underfull \vbox (badness 10000) has occurred while \output is active []

 [38]

LaTeX Warning: Citation 'ibrahimbegovic1998finite' on page 39 undefined on inpu
t line 120.


LaTeX Warning: Citation 'ibrahimbegovic2002energy' on page 39 undefined on inpu
t line 120.


Underfull \vbox (badness 1622) has occurred while \output is active []

 [39]
Overfull \hbox (8.29066pt too wide) detected at line 178
[]\OT1/cmr/bx/n/12 r\OT1/cmr/m/n/12 (\OT1/cmr/bx/n/12 d[]\OT1/cmr/m/n/12 ) = \O
MS/cmsy/m/n/12   [] \OT1/cmr/bx/n/12 d[]
 []


LaTeX Warning: Citation 'ahrens2005paraview' on page 40 undefined on input line
 183.


Underfull \vbox (badness 10000) has occurred while \output is active []

 [40]

LaTeX Warning: Citation 'Battini2002' on page 41 undefined on input line 185.


LaTeX Warning: Citation 'Le2014' on page 41 undefined on input line 185.


Package caption Warning: \label without proper reference on input line 187.
See the caption package documentation for explanation.


LaTeX Warning: Reference `Pseudo:MET:Corrot' on page 41 undefined on input line
 185.

Package hyperref Info: bookmark level for unknown algorithm defaults to 0 on in
put line 218.

Package caption Warning: \label without proper reference on input line 187.
See the caption package documentation for explanation.


LaTeX Warning: Reference `Pseudo:MET:Corrot' on page 41 undefined on input line
 221.


Underfull \vbox (badness 2293) has occurred while \output is active []

 [41]
[42]

Package caption Warning: \label without proper reference on input line 227.
See the caption package documentation for explanation.


LaTeX Warning: Reference `Pseudo:MET:elementBeamForces' on page 43 undefined on
 input line 262.


Package caption Warning: \label without proper reference on input line 187.
See the caption package documentation for explanation.


LaTeX Warning: Reference `Pseudo:MET:Corrot' on page 43 undefined on input line
 262.


Underfull \vbox (badness 10000) has occurred while \output is active []

 [43]
[44] [45] (imagenes/Metodologia/EsquemaInicial.pdf_tex
<./imagenes/Metodologia/EsquemaInicial.pdf, id=771, page=1, 593.30098pt x 391.6
6653pt>
File: ./imagenes/Metodologia/EsquemaInicial.pdf Graphic file (type pdf)
<use ./imagenes/Metodologia/EsquemaInicial.pdf, page 1>
Package pdftex.def Info: ./imagenes/Metodologia/EsquemaInicial.pdf , page1 used
 on input line 56.
(pdftex.def)             Requested size: 227.62204pt x 150.26317pt.
<./imagenes/Metodologia/EsquemaInicial.pdf, id=772, page=2, 593.30098pt x 391.6
6653pt>
File: ./imagenes/Metodologia/EsquemaInicial.pdf Graphic file (type pdf)
<use ./imagenes/Metodologia/EsquemaInicial.pdf, page 2>
Package pdftex.def Info: ./imagenes/Metodologia/EsquemaInicial.pdf , page2 used
 on input line 60.
(pdftex.def)             Requested size: 227.62204pt x 150.26317pt.
<./imagenes/Metodologia/EsquemaInicial.pdf, id=773, page=3, 593.30098pt x 391.6
6653pt>
File: ./imagenes/Metodologia/EsquemaInicial.pdf Graphic file (type pdf)
<use ./imagenes/Metodologia/EsquemaInicial.pdf, page 3>
Package pdftex.def Info: ./imagenes/Metodologia/EsquemaInicial.pdf , page3 used
 on input line 63.
(pdftex.def)             Requested size: 227.62204pt x 150.26317pt.
<./imagenes/Metodologia/EsquemaInicial.pdf, id=774, page=4, 593.30098pt x 391.6
6653pt>
File: ./imagenes/Metodologia/EsquemaInicial.pdf Graphic file (type pdf)
<use ./imagenes/Metodologia/EsquemaInicial.pdf, page 4>
Package pdftex.def Info: ./imagenes/Metodologia/EsquemaInicial.pdf , page4 used
 on input line 68.
(pdftex.def)             Requested size: 227.62204pt x 150.26317pt.
)

Package caption Warning: \label without proper reference on input line 311.
See the caption package documentation for explanation.


LaTeX Warning: Reference `fig:MET:Viento:DragLift' on page 46 undefined on inpu
t line 302.

[46 <./imagenes/Metodologia/EsquemaInicial.pdf> <./imagenes/Metodologia/Esquema
Inicial.pdf

pdfTeX warning: pdflatex.exe (file ./imagenes/Metodologia/EsquemaInicial.pdf): 
PDF inclusion: multiple pdfs with page group included in a single page
> <./imagenes/Metodologia/EsquemaInicial.pdf

pdfTeX warning: pdflatex.exe (file ./imagenes/Metodologia/EsquemaInicial.pdf): 
PDF inclusion: multiple pdfs with page group included in a single page
> <./imagenes/Metodologia/EsquemaInicial.pdf

pdfTeX warning: pdflatex.exe (file ./imagenes/Metodologia/EsquemaInicial.pdf): 
PDF inclusion: multiple pdfs with page group included in a single page
>] (imagenes/Metodologia/EsquemaViento.pdf_tex
<./imagenes/Metodologia/EsquemaViento.pdf, id=789, page=1, 558.00475pt x 397.41
847pt>
File: ./imagenes/Metodologia/EsquemaViento.pdf Graphic file (type pdf)
<use ./imagenes/Metodologia/EsquemaViento.pdf, page 1>
Package pdftex.def Info: ./imagenes/Metodologia/EsquemaViento.pdf , page1 used 
on input line 56.
(pdftex.def)             Requested size: 170.71652pt x 121.58539pt.
<./imagenes/Metodologia/EsquemaViento.pdf, id=790, page=2, 558.00475pt x 397.41
847pt>
File: ./imagenes/Metodologia/EsquemaViento.pdf Graphic file (type pdf)
<use ./imagenes/Metodologia/EsquemaViento.pdf, page 2>
Package pdftex.def Info: ./imagenes/Metodologia/EsquemaViento.pdf , page2 used 
on input line 60.
(pdftex.def)             Requested size: 170.71652pt x 121.58539pt.
)
(imagenes/Metodologia/DragLift.pdf_tex
<./imagenes/Metodologia/DragLift.pdf, id=791, page=1, 262.4226pt x 303.64412pt>

File: ./imagenes/Metodologia/DragLift.pdf Graphic file (type pdf)
<use ./imagenes/Metodologia/DragLift.pdf, page 1>
Package pdftex.def Info: ./imagenes/Metodologia/DragLift.pdf , page1 used on in
put line 56.
(pdftex.def)             Requested size: 142.26378pt x 164.60939pt.
<./imagenes/Metodologia/DragLift.pdf, id=792, page=2, 262.4226pt x 303.64412pt>

File: ./imagenes/Metodologia/DragLift.pdf Graphic file (type pdf)
<use ./imagenes/Metodologia/DragLift.pdf, page 2>
Package pdftex.def Info: ./imagenes/Metodologia/DragLift.pdf , page2 used on in
put line 58.
(pdftex.def)             Requested size: 142.26378pt x 164.60939pt.
<./imagenes/Metodologia/DragLift.pdf, id=793, page=3, 262.4226pt x 303.64412pt>

File: ./imagenes/Metodologia/DragLift.pdf Graphic file (type pdf)
<use ./imagenes/Metodologia/DragLift.pdf, page 3>
Package pdftex.def Info: ./imagenes/Metodologia/DragLift.pdf , page3 used on in
put line 63.
(pdftex.def)             Requested size: 142.26378pt x 164.60939pt.
)

LaTeX Warning: Citation 'stengel2017measurements' on page 47 undefined on input
 line 324.

[47 <./imagenes/Metodologia/EsquemaViento.pdf> <./imagenes/Metodologia/EsquemaV
iento.pdf

pdfTeX warning: pdflatex.exe (file ./imagenes/Metodologia/EsquemaViento.pdf): P
DF inclusion: multiple pdfs with page group included in a single page
> <./imagenes/Metodologia/DragLift.pdf

pdfTeX warning: pdflatex.exe (file ./imagenes/Metodologia/DragLift.pdf): PDF in
clusion: multiple pdfs with page group included in a single page
> <./imagenes/Metodologia/DragLift.pdf

pdfTeX warning: pdflatex.exe (file ./imagenes/Metodologia/DragLift.pdf): PDF in
clusion: multiple pdfs with page group included in a single page
> <./imagenes/Metodologia/DragLift.pdf

pdfTeX warning: pdflatex.exe (file ./imagenes/Metodologia/DragLift.pdf): PDF in
clusion: multiple pdfs with page group included in a single page
>]

LaTeX Warning: Citation 'Foti2016' on page 48 undefined on input line 334.


LaTeX Warning: Citation 'mara2007effects' on page 48 undefined on input line 33
4.

(imagenes/Metodologia/VelAbs.pdf_tex
<./imagenes/Metodologia/VelAbs.pdf, id=808, page=1, 281.43771pt x 182.25304pt>
File: ./imagenes/Metodologia/VelAbs.pdf Graphic file (type pdf)
<use ./imagenes/Metodologia/VelAbs.pdf, page 1>
Package pdftex.def Info: ./imagenes/Metodologia/VelAbs.pdf , page1 used on inpu
t line 56.
(pdftex.def)             Requested size: 170.71652pt x 110.55681pt.
<./imagenes/Metodologia/VelAbs.pdf, id=809, page=2, 281.43771pt x 182.25304pt>
File: ./imagenes/Metodologia/VelAbs.pdf Graphic file (type pdf)
<use ./imagenes/Metodologia/VelAbs.pdf, page 2>
Package pdftex.def Info: ./imagenes/Metodologia/VelAbs.pdf , page2 used on inpu
t line 58.
(pdftex.def)             Requested size: 170.71652pt x 110.55681pt.
<./imagenes/Metodologia/VelAbs.pdf, id=810, page=3, 281.43771pt x 182.25304pt>
File: ./imagenes/Metodologia/VelAbs.pdf Graphic file (type pdf)
<use ./imagenes/Metodologia/VelAbs.pdf, page 3>
Package pdftex.def Info: ./imagenes/Metodologia/VelAbs.pdf , page3 used on inpu
t line 60.
(pdftex.def)             Requested size: 170.71652pt x 110.55681pt.
<./imagenes/Metodologia/VelAbs.pdf, id=811, page=4, 281.43771pt x 182.25304pt>
File: ./imagenes/Metodologia/VelAbs.pdf Graphic file (type pdf)
<use ./imagenes/Metodologia/VelAbs.pdf, page 4>
Package pdftex.def Info: ./imagenes/Metodologia/VelAbs.pdf , page4 used on inpu
t line 63.
(pdftex.def)             Requested size: 170.71652pt x 110.55681pt.
<./imagenes/Metodologia/VelAbs.pdf, id=812, page=5, 281.43771pt x 182.25304pt>
File: ./imagenes/Metodologia/VelAbs.pdf Graphic file (type pdf)
<use ./imagenes/Metodologia/VelAbs.pdf, page 5>
Package pdftex.def Info: ./imagenes/Metodologia/VelAbs.pdf , page5 used on inpu
t line 65.
(pdftex.def)             Requested size: 170.71652pt x 110.55681pt.
<./imagenes/Metodologia/VelAbs.pdf, id=813, page=6, 281.43771pt x 182.25304pt>
File: ./imagenes/Metodologia/VelAbs.pdf Graphic file (type pdf)
<use ./imagenes/Metodologia/VelAbs.pdf, page 6>
Package pdftex.def Info: ./imagenes/Metodologia/VelAbs.pdf , page6 used on inpu
t line 70.
(pdftex.def)             Requested size: 170.71652pt x 110.55681pt.
) [48] (imagenes/Metodologia/VelRel.pdf_tex
<./imagenes/Metodologia/VelRel.pdf, id=822, page=1, 330.7165pt x 175.85223pt>
File: ./imagenes/Metodologia/VelRel.pdf Graphic file (type pdf)
<use ./imagenes/Metodologia/VelRel.pdf, page 1>
Package pdftex.def Info: ./imagenes/Metodologia/VelRel.pdf , page1 used on inpu
t line 56.
(pdftex.def)             Requested size: 227.62204pt x 121.03763pt.
<./imagenes/Metodologia/VelRel.pdf, id=823, page=2, 330.7165pt x 175.85223pt>
File: ./imagenes/Metodologia/VelRel.pdf Graphic file (type pdf)
<use ./imagenes/Metodologia/VelRel.pdf, page 2>
Package pdftex.def Info: ./imagenes/Metodologia/VelRel.pdf , page2 used on inpu
t line 58.
(pdftex.def)             Requested size: 227.62204pt x 121.03763pt.
<./imagenes/Metodologia/VelRel.pdf, id=824, page=3, 330.7165pt x 175.85223pt>
File: ./imagenes/Metodologia/VelRel.pdf Graphic file (type pdf)
<use ./imagenes/Metodologia/VelRel.pdf, page 3>
Package pdftex.def Info: ./imagenes/Metodologia/VelRel.pdf , page3 used on inpu
t line 60.
(pdftex.def)             Requested size: 227.62204pt x 121.03763pt.
<./imagenes/Metodologia/VelRel.pdf, id=825, page=4, 330.7165pt x 175.85223pt>
File: ./imagenes/Metodologia/VelRel.pdf Graphic file (type pdf)
<use ./imagenes/Metodologia/VelRel.pdf, page 4>
Package pdftex.def Info: ./imagenes/Metodologia/VelRel.pdf , page4 used on inpu
t line 62.
(pdftex.def)             Requested size: 227.62204pt x 121.03763pt.
<./imagenes/Metodologia/VelRel.pdf, id=826, page=5, 330.7165pt x 175.85223pt>
File: ./imagenes/Metodologia/VelRel.pdf Graphic file (type pdf)
<use ./imagenes/Metodologia/VelRel.pdf, page 5>
Package pdftex.def Info: ./imagenes/Metodologia/VelRel.pdf , page5 used on inpu
t line 69.
(pdftex.def)             Requested size: 227.62204pt x 121.03763pt.
<./imagenes/Metodologia/VelRel.pdf, id=827, page=6, 330.7165pt x 175.85223pt>
File: ./imagenes/Metodologia/VelRel.pdf Graphic file (type pdf)
<use ./imagenes/Metodologia/VelRel.pdf, page 6>
Package pdftex.def Info: ./imagenes/Metodologia/VelRel.pdf , page6 used on inpu
t line 73.
(pdftex.def)             Requested size: 227.62204pt x 121.03763pt.
<./imagenes/Metodologia/VelRel.pdf, id=828, page=7, 330.7165pt x 175.85223pt>
File: ./imagenes/Metodologia/VelRel.pdf Graphic file (type pdf)
<use ./imagenes/Metodologia/VelRel.pdf, page 7>
Package pdftex.def Info: ./imagenes/Metodologia/VelRel.pdf , page7 used on inpu
t line 75.
(pdftex.def)             Requested size: 227.62204pt x 121.03763pt.
) [49 <./imagenes/Me